#
# There is insufficient memory for the Java Runtime Environment to continue.
# Native memory allocation (malloc) failed to allocate 1767376 bytes for Chunk::new
# Possible reasons:
#   The system is out of physical RAM or swap space
#   In 32 bit mode, the process size limit was hit
# Possible solutions:
#   Reduce memory load on the system
#   Increase physical memory or swap space
#   Check if swap backing store is full
#   Use 64 bit Java on a 64 bit OS
#   Decrease Java heap size (-Xmx/-Xms)
#   Decrease number of Java threads
#   Decrease Java thread stack sizes (-Xss)
#   Set larger code cache with -XX:ReservedCodeCacheSize=
# This output file may be truncated or incomplete.
#
#  Out of Memory Error (allocation.cpp:390), pid=10392, tid=0x0000000000002aec
#
# JRE version: OpenJDK Runtime Environment (8.0_152-b06) (build 1.8.0_152-release-1136-b06)
# Java VM: OpenJDK 64-Bit Server VM (25.152-b06 mixed mode windows-amd64 compressed oops)
# Failed to write core dump. Minidumps are not enabled by default on client versions of Windows
#

---------------  T H R E A D  ---------------

Current thread (0x00000000138cd000):  JavaThread "C2 CompilerThread0" daemon [_thread_in_native, id=10988, stack(0x0000000014f40000,0x0000000015040000)]

Stack: [0x0000000014f40000,0x0000000015040000]
[error occurred during error reporting (printing stack bounds), id 0xc0000005]

Native frames: (J=compiled Java code, j=interpreted, Vv=VM code, C=native code)


Current CompileTask:
C2:   6216 2161       4       groovy.lang.MetaClassImpl$1MOPIter::methodNameAction (479 bytes)


---------------  P R O C E S S  ---------------

Java Threads: ( => current thread )
  0x0000000019a2a000 JavaThread "Cache worker for Artifact transforms cache (C:\Users\Fareeha Shakil\.gradle\caches\transforms-1)" [_thread_blocked, id=8288, stack(0x000000001a520000,0x000000001a620000)]
  0x0000000016951800 JavaThread "Cache worker for file hash cache (E:\Signup\.gradle\4.6\fileHashes)" [_thread_blocked, id=9964, stack(0x0000000019450000,0x0000000019550000)]
  0x0000000016d04800 JavaThread "File lock request listener" [_thread_in_native, id=1624, stack(0x0000000019350000,0x0000000019450000)]
  0x00000000180b8800 JavaThread "Cache worker for file hash cache (C:\Users\Fareeha Shakil\.gradle\caches\4.6\fileHashes)" [_thread_blocked, id=11248, stack(0x0000000019250000,0x0000000019350000)]
  0x0000000016773800 JavaThread "Stdin handler" [_thread_blocked, id=10100, stack(0x0000000017f80000,0x0000000018080000)]
  0x0000000016784800 JavaThread "Asynchronous log dispatcher for DefaultDaemonConnection: socket connection from /127.0.0.1:51851 to /127.0.0.1:51852" [_thread_blocked, id=9696, stack(0x0000000017e80000,0x0000000017f80000)]
  0x0000000016676000 JavaThread "Daemon worker" [_thread_in_Java, id=5380, stack(0x0000000017d80000,0x0000000017e80000)]
  0x0000000016781800 JavaThread "Cancel handler" [_thread_blocked, id=3924, stack(0x0000000017c80000,0x0000000017d80000)]
  0x0000000016cab800 JavaThread "Handler for socket connection from /127.0.0.1:51851 to /127.0.0.1:51852" [_thread_in_native, id=2252, stack(0x0000000017980000,0x0000000017a80000)]
  0x0000000016cab000 JavaThread "Daemon" [_thread_blocked, id=10768, stack(0x0000000017880000,0x0000000017980000)]
  0x0000000016689000 JavaThread "Daemon periodic checks" [_thread_blocked, id=6944, stack(0x0000000017780000,0x0000000017880000)]
  0x0000000016c96000 JavaThread "Incoming local TCP Connector on port 51851" [_thread_in_native, id=10300, stack(0x0000000017550000,0x0000000017650000)]
  0x0000000015268800 JavaThread "Service Thread" daemon [_thread_blocked, id=10248, stack(0x0000000015640000,0x0000000015740000)]
  0x00000000138d9000 JavaThread "C1 CompilerThread2" daemon [_thread_blocked, id=4448, stack(0x0000000015140000,0x0000000015240000)]
  0x00000000138d1000 JavaThread "C2 CompilerThread1" daemon [_thread_in_native, id=760, stack(0x0000000015040000,0x0000000015140000)]
=>0x00000000138cd000 JavaThread "C2 CompilerThread0" daemon [_thread_in_native, id=10988, stack(0x0000000014f40000,0x0000000015040000)]
  0x00000000138cb000 JavaThread "Attach Listener" daemon [_thread_blocked, id=10792, stack(0x0000000014e40000,0x0000000014f40000)]
  0x00000000138c9800 JavaThread "Signal Dispatcher" daemon [_thread_blocked, id=1920, stack(0x0000000014d40000,0x0000000014e40000)]
  0x000000000255c000 JavaThread "Finalizer" daemon [_thread_blocked, id=11180, stack(0x0000000014b40000,0x0000000014c40000)]
  0x0000000002551000 JavaThread "Reference Handler" daemon [_thread_blocked, id=4384, stack(0x0000000014a40000,0x0000000014b40000)]
  0x000000000245d800 JavaThread "main" [_thread_blocked, id=4492, stack(0x0000000002270000,0x0000000002370000)]

Other Threads:
  0x0000000013896000 VMThread [stack: 0x0000000014940000,0x0000000014a40000] [id=5048]
  0x0000000015269000 WatcherThread [stack: 0x0000000015740000,0x0000000015840000] [id=6692]

VM state:not at safepoint (normal execution)

VM Mutex/Monitor currently owned by a thread: None

Heap:
 PSYoungGen      total 69632K, used 46924K [0x00000000f5580000, 0x00000000fc180000, 0x0000000100000000)
  eden space 63488K, 64% used [0x00000000f5580000,0x00000000f7d58518,0x00000000f9380000)
  from space 6144K, 99% used [0x00000000f9b80000,0x00000000fa17adc0,0x00000000fa180000)
  to   space 8192K, 0% used [0x00000000f9380000,0x00000000f9380000,0x00000000f9b80000)
 ParOldGen       total 36352K, used 8563K [0x00000000e0000000, 0x00000000e2380000, 0x00000000f5580000)
  object space 36352K, 23% used [0x00000000e0000000,0x00000000e085ceb8,0x00000000e2380000)
 Metaspace       used 28772K, capacity 29356K, committed 29568K, reserved 1075200K
  class space    used 3991K, capacity 4170K, committed 4224K, reserved 1048576K

Card table byte_map: [0x0000000011920000,0x0000000011a30000] byte_map_base: 0x0000000011220000

Marking Bits: (ParMarkBitMap*) 0x000000005f065aa0
 Begin Bits: [0x0000000011e30000, 0x0000000012630000)
 End Bits:   [0x0000000012630000, 0x0000000012e30000)

Polling page: 0x0000000000920000

CodeCache: size=245760Kb used=9218Kb max_used=9230Kb free=236541Kb
 bounds [0x0000000002560000, 0x0000000002e70000, 0x0000000011560000]
 total_blobs=2957 nmethods=2305 adapters=565
 compilation: enabled

Compilation events (10 events):
Event: 6.151 Thread 0x00000000138d9000 2319       3       java.util.StringTokenizer::<init> (8 bytes)
Event: 6.151 Thread 0x00000000138d9000 nmethod 2319 0x0000000002e46fd0 code [0x0000000002e47140, 0x0000000002e472c8]
Event: 6.152 Thread 0x00000000138d9000 2320       1       com.google.common.cache.LocalCache$2::peek (2 bytes)
Event: 6.152 Thread 0x00000000138d9000 nmethod 2320 0x0000000002e5d350 code [0x0000000002e5d4a0, 0x0000000002e5d5b0]
Event: 6.178 Thread 0x00000000138d1000 nmethod 2305 0x0000000002e62690 code [0x0000000002e628c0, 0x0000000002e64cb8]
Event: 6.178 Thread 0x00000000138d1000 2317       4       org.objectweb.asm.Type::getArgumentsAndReturnSizes (151 bytes)
Event: 6.185 Thread 0x00000000138d1000 nmethod 2317 0x0000000002e5ea50 code [0x0000000002e5ebc0, 0x0000000002e5f078]
Event: 6.185 Thread 0x00000000138d1000 2307       4       java.lang.String::regionMatches (149 bytes)
Event: 6.199 Thread 0x00000000138d1000 nmethod 2307 0x0000000002e5d8d0 code [0x0000000002e5da40, 0x0000000002e5e1f8]
Event: 6.199 Thread 0x00000000138d1000 2318       4       java.io.DataOutputStream::writeShort (35 bytes)

GC Heap History (10 events):
Event: 2.303 GC heap before
{Heap before GC invocations=5 (full 0):
 PSYoungGen      total 35328K, used 35312K [0x00000000f5580000, 0x00000000f7a80000, 0x0000000100000000)
  eden space 32768K, 100% used [0x00000000f5580000,0x00000000f7580000,0x00000000f7580000)
  from space 2560K, 99% used [0x00000000f7800000,0x00000000f7a7c030,0x00000000f7a80000)
  to   space 2560K, 0% used [0x00000000f7580000,0x00000000f7580000,0x00000000f7800000)
 ParOldGen       total 44032K, used 2530K [0x00000000e0000000, 0x00000000e2b00000, 0x00000000f5580000)
  object space 44032K, 5% used [0x00000000e0000000,0x00000000e0278b50,0x00000000e2b00000)
 Metaspace       used 13875K, capacity 14192K, committed 14464K, reserved 1060864K
  class space    used 1933K, capacity 2058K, committed 2176K, reserved 1048576K
Event: 2.313 GC heap after
Heap after GC invocations=5 (full 0):
 PSYoungGen      total 35328K, used 2544K [0x00000000f5580000, 0x00000000fa180000, 0x0000000100000000)
  eden space 32768K, 0% used [0x00000000f5580000,0x00000000f5580000,0x00000000f7580000)
  from space 2560K, 99% used [0x00000000f7580000,0x00000000f77fc010,0x00000000f7800000)
  to   space 6144K, 0% used [0x00000000f9b80000,0x00000000f9b80000,0x00000000fa180000)
 ParOldGen       total 44032K, used 6217K [0x00000000e0000000, 0x00000000e2b00000, 0x00000000f5580000)
  object space 44032K, 14% used [0x00000000e0000000,0x00000000e0612640,0x00000000e2b00000)
 Metaspace       used 13875K, capacity 14192K, committed 14464K, reserved 1060864K
  class space    used 1933K, capacity 2058K, committed 2176K, reserved 1048576K
}
Event: 2.960 GC heap before
{Heap before GC invocations=6 (full 0):
 PSYoungGen      total 35328K, used 35312K [0x00000000f5580000, 0x00000000fa180000, 0x0000000100000000)
  eden space 32768K, 100% used [0x00000000f5580000,0x00000000f7580000,0x00000000f7580000)
  from space 2560K, 99% used [0x00000000f7580000,0x00000000f77fc010,0x00000000f7800000)
  to   space 6144K, 0% used [0x00000000f9b80000,0x00000000f9b80000,0x00000000fa180000)
 ParOldGen       total 44032K, used 6217K [0x00000000e0000000, 0x00000000e2b00000, 0x00000000f5580000)
  object space 44032K, 14% used [0x00000000e0000000,0x00000000e0612640,0x00000000e2b00000)
 Metaspace       used 17009K, capacity 17352K, committed 17536K, reserved 1064960K
  class space    used 2458K, capacity 2574K, committed 2688K, reserved 1048576K
Event: 2.979 GC heap after
Heap after GC invocations=6 (full 0):
 PSYoungGen      total 70144K, used 6126K [0x00000000f5580000, 0x00000000fa480000, 0x0000000100000000)
  eden space 64000K, 0% used [0x00000000f5580000,0x00000000f5580000,0x00000000f9400000)
  from space 6144K, 99% used [0x00000000f9b80000,0x00000000fa17b958,0x00000000fa180000)
  to   space 7680K, 0% used [0x00000000f9400000,0x00000000f9400000,0x00000000f9b80000)
 ParOldGen       total 44032K, used 6536K [0x00000000e0000000, 0x00000000e2b00000, 0x00000000f5580000)
  object space 44032K, 14% used [0x00000000e0000000,0x00000000e0662228,0x00000000e2b00000)
 Metaspace       used 17009K, capacity 17352K, committed 17536K, reserved 1064960K
  class space    used 2458K, capacity 2574K, committed 2688K, reserved 1048576K
}
Event: 3.679 GC heap before
{Heap before GC invocations=7 (full 0):
 PSYoungGen      total 70144K, used 30105K [0x00000000f5580000, 0x00000000fa480000, 0x0000000100000000)
  eden space 64000K, 37% used [0x00000000f5580000,0x00000000f6cead08,0x00000000f9400000)
  from space 6144K, 99% used [0x00000000f9b80000,0x00000000fa17b958,0x00000000fa180000)
  to   space 7680K, 0% used [0x00000000f9400000,0x00000000f9400000,0x00000000f9b80000)
 ParOldGen       total 44032K, used 6536K [0x00000000e0000000, 0x00000000e2b00000, 0x00000000f5580000)
  object space 44032K, 14% used [0x00000000e0000000,0x00000000e0662228,0x00000000e2b00000)
 Metaspace       used 20819K, capacity 21232K, committed 21248K, reserved 1067008K
  class space    used 2918K, capacity 3071K, committed 3072K, reserved 1048576K
Event: 3.690 GC heap after
Heap after GC invocations=7 (full 0):
 PSYoungGen      total 71680K, used 6240K [0x00000000f5580000, 0x00000000fa480000, 0x0000000100000000)
  eden space 64000K, 0% used [0x00000000f5580000,0x00000000f5580000,0x00000000f9400000)
  from space 7680K, 81% used [0x00000000f9400000,0x00000000f9a18218,0x00000000f9b80000)
  to   space 6144K, 0% used [0x00000000f9b80000,0x00000000f9b80000,0x00000000fa180000)
 ParOldGen       total 44032K, used 7224K [0x00000000e0000000, 0x00000000e2b00000, 0x00000000f5580000)
  object space 44032K, 16% used [0x00000000e0000000,0x00000000e070e268,0x00000000e2b00000)
 Metaspace       used 20819K, capacity 21232K, committed 21248K, reserved 1067008K
  class space    used 2918K, capacity 3071K, committed 3072K, reserved 1048576K
}
Event: 3.690 GC heap before
{Heap before GC invocations=8 (full 1):
 PSYoungGen      total 71680K, used 6240K [0x00000000f5580000, 0x00000000fa480000, 0x0000000100000000)
  eden space 64000K, 0% used [0x00000000f5580000,0x00000000f5580000,0x00000000f9400000)
  from space 7680K, 81% used [0x00000000f9400000,0x00000000f9a18218,0x00000000f9b80000)
  to   space 6144K, 0% used [0x00000000f9b80000,0x00000000f9b80000,0x00000000fa180000)
 ParOldGen       total 44032K, used 7224K [0x00000000e0000000, 0x00000000e2b00000, 0x00000000f5580000)
  object space 44032K, 16% used [0x00000000e0000000,0x00000000e070e268,0x00000000e2b00000)
 Metaspace       used 20819K, capacity 21232K, committed 21248K, reserved 1067008K
  class space    used 2918K, capacity 3071K, committed 3072K, reserved 1048576K
Event: 3.751 GC heap after
Heap after GC invocations=8 (full 1):
 PSYoungGen      total 71680K, used 0K [0x00000000f5580000, 0x00000000fa480000, 0x0000000100000000)
  eden space 64000K, 0% used [0x00000000f5580000,0x00000000f5580000,0x00000000f9400000)
  from space 7680K, 0% used [0x00000000f9400000,0x00000000f9400000,0x00000000f9b80000)
  to   space 6144K, 0% used [0x00000000f9b80000,0x00000000f9b80000,0x00000000fa180000)
 ParOldGen       total 36352K, used 8462K [0x00000000e0000000, 0x00000000e2380000, 0x00000000f5580000)
  object space 36352K, 23% used [0x00000000e0000000,0x00000000e0843ba8,0x00000000e2380000)
 Metaspace       used 20819K, capacity 21232K, committed 21248K, reserved 1067008K
  class space    used 2918K, capacity 3071K, committed 3072K, reserved 1048576K
}
Event: 5.365 GC heap before
{Heap before GC invocations=9 (full 1):
 PSYoungGen      total 71680K, used 64000K [0x00000000f5580000, 0x00000000fa480000, 0x0000000100000000)
  eden space 64000K, 100% used [0x00000000f5580000,0x00000000f9400000,0x00000000f9400000)
  from space 7680K, 0% used [0x00000000f9400000,0x00000000f9400000,0x00000000f9b80000)
  to   space 6144K, 0% used [0x00000000f9b80000,0x00000000f9b80000,0x00000000fa180000)
 ParOldGen       total 36352K, used 8462K [0x00000000e0000000, 0x00000000e2380000, 0x00000000f5580000)
  object space 36352K, 23% used [0x00000000e0000000,0x00000000e0843ba8,0x00000000e2380000)
 Metaspace       used 25892K, capacity 26412K, committed 26624K, reserved 1073152K
  class space    used 3626K, capacity 3789K, committed 3840K, reserved 1048576K
Event: 5.376 GC heap after
Heap after GC invocations=9 (full 1):
 PSYoungGen      total 69632K, used 6123K [0x00000000f5580000, 0x00000000fc180000, 0x0000000100000000)
  eden space 63488K, 0% used [0x00000000f5580000,0x00000000f5580000,0x00000000f9380000)
  from space 6144K, 99% used [0x00000000f9b80000,0x00000000fa17adc0,0x00000000fa180000)
  to   space 8192K, 0% used [0x00000000f9380000,0x00000000f9380000,0x00000000f9b80000)
 ParOldGen       total 36352K, used 8563K [0x00000000e0000000, 0x00000000e2380000, 0x00000000f5580000)
  object space 36352K, 23% used [0x00000000e0000000,0x00000000e085ceb8,0x00000000e2380000)
 Metaspace       used 25892K, capacity 26412K, committed 26624K, reserved 1073152K
  class space    used 3626K, capacity 3789K, committed 3840K, reserved 1048576K
}

Deoptimization events (10 events):
Event: 3.388 Thread 0x0000000016676000 Uncommon trap: reason=class_check action=maybe_recompile pc=0x0000000002884b6c method=sun.misc.URLClassPath.getResource(Ljava/lang/String;Z)Lsun/misc/Resource; @ 62
Event: 4.050 Thread 0x0000000016676000 Uncommon trap: reason=unstable_if action=reinterpret pc=0x0000000002b48bc8 method=java.lang.ClassLoader.getClassLoadingLock(Ljava/lang/String;)Ljava/lang/Object; @ 6
Event: 4.305 Thread 0x0000000016676000 Uncommon trap: reason=unstable_if action=reinterpret pc=0x0000000002973b7c method=java.util.HashMap.hash(Ljava/lang/Object;)I @ 1
Event: 4.414 Thread 0x0000000016676000 Uncommon trap: reason=unstable_if action=reinterpret pc=0x00000000027fa40c method=java.io.WinNTFileSystem.resolve(Ljava/lang/String;Ljava/lang/String;)Ljava/lang/String; @ 49
Event: 5.665 Thread 0x0000000016676000 Uncommon trap: reason=unstable_if action=reinterpret pc=0x00000000029b8380 method=java.util.WeakHashMap.expungeStaleEntries()V @ 9
Event: 6.088 Thread 0x0000000016676000 Uncommon trap: reason=unstable_if action=reinterpret pc=0x00000000029614bc method=java.util.HashMap.getNode(ILjava/lang/Object;)Ljava/util/HashMap$Node; @ 53
Event: 6.088 Thread 0x0000000016676000 Uncommon trap: reason=unstable_if action=reinterpret pc=0x0000000002885270 method=java.util.HashMap.hash(Ljava/lang/Object;)I @ 1
Event: 6.088 Thread 0x0000000016676000 Uncommon trap: reason=unstable_if action=reinterpret pc=0x00000000029aae9c method=java.util.HashMap.putVal(ILjava/lang/Object;Ljava/lang/Object;ZZ)Ljava/lang/Object; @ 85
Event: 6.111 Thread 0x0000000016676000 Uncommon trap: reason=class_check action=maybe_recompile pc=0x0000000002b2e3c0 method=java.lang.reflect.Method.equals(Ljava/lang/Object;)Z @ 5
Event: 6.114 Thread 0x0000000016676000 Uncommon trap: reason=class_check action=maybe_recompile pc=0x0000000002b2e3c0 method=java.lang.reflect.Method.equals(Ljava/lang/Object;)Z @ 5

Classes redefined (0 events):
No events

Internal exceptions (10 events):
Event: 5.748 Thread 0x0000000016676000 Exception <a 'java/lang/ClassNotFoundException': org/gradle/invocation/DefaultGradle_DecoratedCustomizer> (0x00000000f66d2d40) thrown at [D:\src\AOSP-openjdk-cygwin\jdk8u\hotspot\src\share\vm\classfile\systemDictionary.cpp, line 210]
Event: 5.843 Thread 0x0000000016676000 Exception <a 'java/lang/ClassNotFoundException': settings_dlrymuia8kqcfwe5l3h792finBeanInfo> (0x00000000f690c898) thrown at [D:\src\AOSP-openjdk-cygwin\jdk8u\hotspot\src\share\vm\classfile\systemDictionary.cpp, line 210]
Event: 5.846 Thread 0x0000000016676000 Exception <a 'java/lang/ClassNotFoundException': org/gradle/initialization/SettingsScriptBeanInfo> (0x00000000f691f948) thrown at [D:\src\AOSP-openjdk-cygwin\jdk8u\hotspot\src\share\vm\classfile\systemDictionary.cpp, line 210]
Event: 5.847 Thread 0x0000000016676000 Exception <a 'java/lang/ClassNotFoundException': org/gradle/initialization/SettingsScriptCustomizer> (0x00000000f6932ab0) thrown at [D:\src\AOSP-openjdk-cygwin\jdk8u\hotspot\src\share\vm\classfile\systemDictionary.cpp, line 210]
Event: 5.848 Thread 0x0000000016676000 Exception <a 'java/lang/ClassNotFoundException': settings_dlrymuia8kqcfwe5l3h792finCustomizer> (0x00000000f6945598) thrown at [D:\src\AOSP-openjdk-cygwin\jdk8u\hotspot\src\share\vm\classfile\systemDictionary.cpp, line 210]
Event: 5.856 Thread 0x0000000016676000 Exception <a 'java/lang/ClassNotFoundException': org/gradle/initialization/DefaultSettings_DecoratedBeanInfo> (0x00000000f69c4830) thrown at [D:\src\AOSP-openjdk-cygwin\jdk8u\hotspot\src\share\vm\classfile\systemDictionary.cpp, line 210]
Event: 5.857 Thread 0x0000000016676000 Exception <a 'java/lang/ClassNotFoundException': org/gradle/initialization/DefaultSettingsBeanInfo> (0x00000000f69e8eb8) thrown at [D:\src\AOSP-openjdk-cygwin\jdk8u\hotspot\src\share\vm\classfile\systemDictionary.cpp, line 210]
Event: 5.858 Thread 0x0000000016676000 Exception <a 'java/lang/ClassNotFoundException': org/gradle/initialization/DefaultSettingsCustomizer> (0x00000000f6a0fcf0) thrown at [D:\src\AOSP-openjdk-cygwin\jdk8u\hotspot\src\share\vm\classfile\systemDictionary.cpp, line 210]
Event: 5.867 Thread 0x0000000016676000 Exception <a 'java/lang/ClassNotFoundException': org/gradle/initialization/DefaultSettings_DecoratedCustomizer> (0x00000000f6a74d78) thrown at [D:\src\AOSP-openjdk-cygwin\jdk8u\hotspot\src\share\vm\classfile\systemDictionary.cpp, line 210]
Event: 6.088 Thread 0x0000000016676000 Implicit null exception at 0x00000000028851d8 to 0x0000000002885266

Events (10 events):
Event: 6.203 loading class org/gradle/model/internal/manage/schema/AbstractStructSchema$1
Event: 6.203 loading class org/gradle/model/internal/manage/schema/AbstractStructSchema$1 done
Event: 6.205 loading class org/gradle/model/internal/manage/schema/extract/DefaultModelSchemaExtractor$1
Event: 6.205 loading class org/gradle/model/internal/manage/schema/extract/DefaultModelSchemaExtractor$1 done
Event: 6.205 loading class com/google/common/collect/Lists$ReverseList
Event: 6.205 loading class com/google/common/collect/Lists$ReverseList done
Event: 6.206 loading class com/google/common/collect/Lists$RandomAccessReverseList
Event: 6.206 loading class com/google/common/collect/Lists$RandomAccessReverseList done
Event: 6.207 loading class com/google/common/collect/Lists$ReverseList$1
Event: 6.207 loading class com/google/common/collect/Lists$ReverseList$1 done


Dynamic libraries:
0x00007ff7e5130000 - 0x00007ff7e5161000 	E:\Android Studio\jre\bin\java.exe
0x00007ff98fa10000 - 0x00007ff98fbe2000 	C:\WINDOWS\SYSTEM32\ntdll.dll
0x00007ff98f8c0000 - 0x00007ff98f96c000 	C:\WINDOWS\System32\KERNEL32.DLL
0x00007ff96e560000 - 0x00007ff96e572000 	C:\Program Files\AVAST Software\Avast\aswhook.dll
0x00007ff98c8c0000 - 0x00007ff98cadd000 	C:\WINDOWS\System32\KERNELBASE.dll
0x00007ff98f210000 - 0x00007ff98f2b2000 	C:\WINDOWS\System32\ADVAPI32.dll
0x00007ff98f170000 - 0x00007ff98f20e000 	C:\WINDOWS\System32\msvcrt.dll
0x00007ff98cfa0000 - 0x00007ff98cff9000 	C:\WINDOWS\System32\sechost.dll
0x00007ff98d000000 - 0x00007ff98d121000 	C:\WINDOWS\System32\RPCRT4.dll
0x00007ff98f750000 - 0x00007ff98f8b5000 	C:\WINDOWS\System32\USER32.dll
0x00007ff98bf60000 - 0x00007ff98bf7e000 	C:\WINDOWS\System32\win32u.dll
0x00007ff98d830000 - 0x00007ff98d864000 	C:\WINDOWS\System32\GDI32.dll
0x00007ff98cc50000 - 0x00007ff98cdd0000 	C:\WINDOWS\System32\gdi32full.dll
0x00007ff980160000 - 0x00007ff9803da000 	C:\WINDOWS\WinSxS\amd64_microsoft.windows.common-controls_6595b64144ccf1df_6.0.14393.953_none_42151e83c686086b\COMCTL32.dll
0x00007ff98f480000 - 0x00007ff98f748000 	C:\WINDOWS\System32\combase.dll
0x00007ff98cb50000 - 0x00007ff98cc45000 	C:\WINDOWS\System32\ucrtbase.dll
0x00007ff98cae0000 - 0x00007ff98cb4a000 	C:\WINDOWS\System32\bcryptPrimitives.dll
0x00007ff98d190000 - 0x00007ff98d1be000 	C:\WINDOWS\System32\IMM32.DLL
0x000000005e7c0000 - 0x000000005e892000 	E:\Android Studio\jre\jre\bin\msvcr100.dll
0x000000005e8a0000 - 0x000000005f0e1000 	E:\Android Studio\jre\jre\bin\server\jvm.dll
0x00007ff98eef0000 - 0x00007ff98eef8000 	C:\WINDOWS\System32\PSAPI.DLL
0x00007ff988910000 - 0x00007ff988919000 	C:\WINDOWS\SYSTEM32\WSOCK32.dll
0x00007ff98ef00000 - 0x00007ff98ef6a000 	C:\WINDOWS\System32\WS2_32.dll
0x00007ff98a3e0000 - 0x00007ff98a403000 	C:\WINDOWS\SYSTEM32\WINMM.dll
0x00007ff980f20000 - 0x00007ff980f2a000 	C:\WINDOWS\SYSTEM32\VERSION.dll
0x00007ff98a3b0000 - 0x00007ff98a3db000 	C:\WINDOWS\SYSTEM32\WINMMBASE.dll
0x00007ff98bf10000 - 0x00007ff98bf52000 	C:\WINDOWS\System32\cfgmgr32.dll
0x00007ff97fb20000 - 0x00007ff97fb2f000 	E:\Android Studio\jre\jre\bin\verify.dll
0x00007ff96deb0000 - 0x00007ff96ded9000 	E:\Android Studio\jre\jre\bin\java.dll
0x00007ff974120000 - 0x00007ff974136000 	E:\Android Studio\jre\jre\bin\zip.dll
0x00007ff98d9e0000 - 0x00007ff98eee9000 	C:\WINDOWS\System32\SHELL32.dll
0x00007ff98c130000 - 0x00007ff98c809000 	C:\WINDOWS\System32\windows.storage.dll
0x00007ff98be80000 - 0x00007ff98becc000 	C:\WINDOWS\System32\powrprof.dll
0x00007ff98ef70000 - 0x00007ff98efc2000 	C:\WINDOWS\System32\shlwapi.dll
0x00007ff98bed0000 - 0x00007ff98bedf000 	C:\WINDOWS\System32\kernel.appcore.dll
0x00007ff98c080000 - 0x00007ff98c129000 	C:\WINDOWS\System32\shcore.dll
0x00007ff98bef0000 - 0x00007ff98bf04000 	C:\WINDOWS\System32\profapi.dll
0x00007ff97c790000 - 0x00007ff97c7aa000 	E:\Android Studio\jre\jre\bin\net.dll
0x00007ff98b7b0000 - 0x00007ff98b80c000 	C:\WINDOWS\system32\mswsock.dll
0x00007ff96e580000 - 0x00007ff96e591000 	E:\Android Studio\jre\jre\bin\nio.dll
0x00007ff97a780000 - 0x00007ff97a79e000 	C:\Users\Fareeha Shakil\.gradle\native\25\windows-amd64\native-platform.dll
0x00007ff97e270000 - 0x00007ff97e27d000 	E:\Android Studio\jre\jre\bin\management.dll
0x00007ff98b950000 - 0x00007ff98b967000 	C:\WINDOWS\SYSTEM32\CRYPTSP.dll
0x00007ff98b3b0000 - 0x00007ff98b3e3000 	C:\WINDOWS\system32\rsaenh.dll
0x00007ff98bdc0000 - 0x00007ff98bdeb000 	C:\WINDOWS\SYSTEM32\bcrypt.dll
0x00007ff98b630000 - 0x00007ff98b64f000 	C:\WINDOWS\SYSTEM32\USERENV.dll
0x00007ff98b970000 - 0x00007ff98b97b000 	C:\WINDOWS\SYSTEM32\CRYPTBASE.dll
0x00007ff98b530000 - 0x00007ff98b568000 	C:\WINDOWS\SYSTEM32\IPHLPAPI.DLL
0x00007ff98d9d0000 - 0x00007ff98d9d8000 	C:\WINDOWS\System32\NSI.dll
0x00007ff985930000 - 0x00007ff985946000 	C:\WINDOWS\SYSTEM32\dhcpcsvc6.DLL
0x00007ff9859a0000 - 0x00007ff9859ba000 	C:\WINDOWS\SYSTEM32\dhcpcsvc.DLL

VM Arguments:
jvm_args: -Xmx512m -Dfile.encoding=windows-1252 -Duser.country=US -Duser.language=en -Duser.variant 
java_command: org.gradle.launcher.daemon.bootstrap.GradleDaemon 4.6
java_class_path (initial): C:\Users\Fareeha Shakil\.gradle\wrapper\dists\gradle-4.6-all\bcst21l2brirad8k2ben1letg\gradle-4.6\lib\gradle-launcher-4.6.jar
Launcher Type: SUN_STANDARD

Environment Variables:
JAVA_HOME=E:\Java
PATH=C:\ProgramData\Oracle\Java\javapath;E:\Arena\RSCommon;E:\app\Administrator\product\11.2.0\dbhome_2\bin;E:\app\Administrator\product\11.2.0\dbhome_1\bin;C:\Program Files (x86)\Intel\iCLS Client\;C:\Program Files\Intel\iCLS Client\;C:\WINDOWS\system32;C:\WINDOWS;C:\WINDOWS\System32\Wbem;C:\WINDOWS\System32\WindowsPowerShell\v1.0\;C:\Program Files (x86)\Intel\Intel(R) Management Engine Components\DAL;C:\Program Files\Intel\Intel(R) Management Engine Components\DAL;C:\Program Files (x86)\Intel\Intel(R) Management Engine Components\IPT;C:\Program Files\Intel\Intel(R) Management Engine Components\IPT;E:\MATLAB\runtime\win64;E:\MATLAB\bin;E:\MATLAB\polyspace\bin;E:\Git\cmd;E:\Git\mingw64\bin;E:\Git\usr\bin;E:\WebDev\NodeJS\;E:\Python\Scripts\;E:\Python\;C:\Users\Fareeha Shakil\AppData\Local\Microsoft\WindowsApps;;E:\Microsoft VS Code\bin;C:\Users\Fareeha Shakil\AppData\Roaming\npm
USERNAME=Fareeha Shakil
OS=Windows_NT
PROCESSOR_IDENTIFIER=Intel64 Family 6 Model 61 Stepping 4, GenuineIntel



---------------  S Y S T E M  ---------------

OS: Windows 10.0 , 64 bit Build 14393 (10.0.14393.2214)

CPU:total 4 (initial active 4) (2 cores per cpu, 2 threads per core) family 6 model 61 stepping 4, cmov, cx8, fxsr, mmx, sse, sse2, sse3, ssse3, sse4.1, sse4.2, popcnt, avx, avx2, aes, clmul, erms, 3dnowpref, lzcnt, ht, tsc, tscinvbit, bmi1, bmi2, adx

Memory: 4k page, physical 4107804k(618476k free), swap 6213332k(5132k free)

vm_info: OpenJDK 64-Bit Server VM (25.152-b06) for windows-amd64 JRE (1.8.0_152-release-1136-b06), built by "builder" with MS VC++ 10.0 (VS2010)

time: Fri Jun 28 16:11:14 2019
elapsed time: 6 seconds (0d 0h 0m 6s)

