#
# There is insufficient memory for the Java Runtime Environment to continue.
# Native memory allocation (malloc) failed to allocate 2177136 bytes for Chunk::new
# Possible reasons:
#   The system is out of physical RAM or swap space
#   In 32 bit mode, the process size limit was hit
# Possible solutions:
#   Reduce memory load on the system
#   Increase physical memory or swap space
#   Check if swap backing store is full
#   Use 64 bit Java on a 64 bit OS
#   Decrease Java heap size (-Xmx/-Xms)
#   Decrease number of Java threads
#   Decrease Java thread stack sizes (-Xss)
#   Set larger code cache with -XX:ReservedCodeCacheSize=
# This output file may be truncated or incomplete.
#
#  Out of Memory Error (allocation.cpp:390), pid=10448, tid=0x0000000000002258
#
# JRE version: OpenJDK Runtime Environment (8.0_152-b06) (build 1.8.0_152-release-1136-b06)
# Java VM: OpenJDK 64-Bit Server VM (25.152-b06 mixed mode windows-amd64 compressed oops)
# Failed to write core dump. Minidumps are not enabled by default on client versions of Windows
#

---------------  T H R E A D  ---------------

Current thread (0x0000000013831000):  JavaThread "C2 CompilerThread1" daemon [_thread_in_native, id=8792, stack(0x0000000014f90000,0x0000000015090000)]

Stack: [0x0000000014f90000,0x0000000015090000]
[error occurred during error reporting (printing stack bounds), id 0xc0000005]

Native frames: (J=compiled Java code, j=interpreted, Vv=VM code, C=native code)


Current CompileTask:
C2:  15187 4265       4       java.net.URLClassLoader$1::run (5 bytes)


---------------  P R O C E S S  ---------------

Java Threads: ( => current thread )
  0x0000000016b87800 JavaThread "Memory manager" [_thread_blocked, id=5928, stack(0x000000001edf0000,0x000000001eef0000)]
  0x0000000016b88800 JavaThread "Build operations Thread 4" [_thread_blocked, id=5028, stack(0x000000001e8f0000,0x000000001e9f0000)]
  0x0000000016b8e800 JavaThread "Build operations Thread 3" [_thread_blocked, id=10500, stack(0x000000001e7f0000,0x000000001e8f0000)]
  0x0000000016b8a000 JavaThread "Build operations Thread 2" [_thread_blocked, id=9060, stack(0x000000001e6f0000,0x000000001e7f0000)]
  0x0000000016b89000 JavaThread "Build operations" [_thread_blocked, id=9284, stack(0x000000001ce30000,0x000000001cf30000)]
  0x0000000016b8a800 JavaThread "Cache worker for Artifact transforms cache (C:\Users\Fareeha Shakil\.gradle\caches\transforms-1)" [_thread_blocked, id=9700, stack(0x000000001ba90000,0x000000001bb90000)]
  0x00000000183dc800 JavaThread "Cache worker for file hash cache (E:\Signup\.gradle\4.6\fileHashes)" [_thread_blocked, id=11096, stack(0x00000000193a0000,0x00000000194a0000)]
  0x0000000018028000 JavaThread "File lock request listener" [_thread_in_native, id=1864, stack(0x00000000192a0000,0x00000000193a0000)]
  0x0000000016cb1000 JavaThread "Cache worker for file hash cache (C:\Users\Fareeha Shakil\.gradle\caches\4.6\fileHashes)" [_thread_blocked, id=8196, stack(0x00000000191a0000,0x00000000192a0000)]
  0x000000001680c000 JavaThread "Stdin handler" [_thread_blocked, id=2668, stack(0x0000000017ed0000,0x0000000017fd0000)]
  0x000000001680b000 JavaThread "Asynchronous log dispatcher for DefaultDaemonConnection: socket connection from /127.0.0.1:51870 to /127.0.0.1:51871" [_thread_blocked, id=1456, stack(0x0000000017dd0000,0x0000000017ed0000)]
  0x000000001680a000 JavaThread "Daemon worker" [_thread_in_native, id=10112, stack(0x0000000017cd0000,0x0000000017dd0000)]
  0x0000000016707800 JavaThread "Cancel handler" [_thread_blocked, id=172, stack(0x0000000017bd0000,0x0000000017cd0000)]
  0x00000000167f6800 JavaThread "Handler for socket connection from /127.0.0.1:51870 to /127.0.0.1:51871" [_thread_in_native, id=2696, stack(0x00000000178d0000,0x00000000179d0000)]
  0x00000000167f6000 JavaThread "Daemon" [_thread_blocked, id=5976, stack(0x00000000177d0000,0x00000000178d0000)]
  0x00000000161d2000 JavaThread "Daemon periodic checks" [_thread_in_native, id=8156, stack(0x00000000176d0000,0x00000000177d0000)]
  0x00000000163fc800 JavaThread "Incoming local TCP Connector on port 51870" [_thread_in_native, id=5744, stack(0x00000000174a0000,0x00000000175a0000)]
  0x00000000151b8800 JavaThread "Service Thread" daemon [_thread_blocked, id=9172, stack(0x0000000015590000,0x0000000015690000)]
  0x0000000013834000 JavaThread "C1 CompilerThread2" daemon [_thread_blocked, id=5584, stack(0x0000000015090000,0x0000000015190000)]
=>0x0000000013831000 JavaThread "C2 CompilerThread1" daemon [_thread_in_native, id=8792, stack(0x0000000014f90000,0x0000000015090000)]
  0x000000001382d000 JavaThread "C2 CompilerThread0" daemon [_thread_in_native, id=5208, stack(0x0000000014e90000,0x0000000014f90000)]
  0x000000001382b800 JavaThread "Attach Listener" daemon [_thread_blocked, id=11080, stack(0x0000000014d90000,0x0000000014e90000)]
  0x0000000013828800 JavaThread "Signal Dispatcher" daemon [_thread_blocked, id=4356, stack(0x0000000014c90000,0x0000000014d90000)]
  0x0000000013818800 JavaThread "Finalizer" daemon [_thread_blocked, id=10484, stack(0x0000000014aa0000,0x0000000014ba0000)]
  0x00000000024b0000 JavaThread "Reference Handler" daemon [_thread_blocked, id=10764, stack(0x00000000149a0000,0x0000000014aa0000)]
  0x00000000023bd800 JavaThread "main" [_thread_blocked, id=3080, stack(0x00000000021d0000,0x00000000022d0000)]

Other Threads:
  0x00000000137f6000 VMThread [stack: 0x00000000148a0000,0x00000000149a0000] [id=8748]
  0x00000000151b9000 WatcherThread [stack: 0x0000000015690000,0x0000000015790000] [id=5268]

VM state:not at safepoint (normal execution)

VM Mutex/Monitor currently owned by a thread: None

Heap:
 PSYoungGen      total 90624K, used 77171K [0x00000000f5580000, 0x00000000fba00000, 0x0000000100000000)
  eden space 79872K, 86% used [0x00000000f5580000,0x00000000f98ff9e0,0x00000000fa380000)
  from space 10752K, 74% used [0x00000000fa380000,0x00000000fab5d3e0,0x00000000fae00000)
  to   space 9728K, 0% used [0x00000000fae00000,0x00000000fae00000,0x00000000fb780000)
 ParOldGen       total 61952K, used 17974K [0x00000000e0000000, 0x00000000e3c80000, 0x00000000f5580000)
  object space 61952K, 29% used [0x00000000e0000000,0x00000000e118daf8,0x00000000e3c80000)
 Metaspace       used 44996K, capacity 45998K, committed 46296K, reserved 1089536K
  class space    used 6167K, capacity 6495K, committed 6616K, reserved 1048576K

Card table byte_map: [0x0000000011880000,0x0000000011990000] byte_map_base: 0x0000000011180000

Marking Bits: (ParMarkBitMap*) 0x000000005f065aa0
 Begin Bits: [0x0000000011d90000, 0x0000000012590000)
 End Bits:   [0x0000000012590000, 0x0000000012d90000)

Polling page: 0x0000000000870000

CodeCache: size=245760Kb used=13775Kb max_used=13775Kb free=231984Kb
 bounds [0x00000000024c0000, 0x0000000003240000, 0x00000000114c0000]
 total_blobs=4724 nmethods=3985 adapters=651
 compilation: enabled

Compilation events (10 events):
Event: 10.107 Thread 0x0000000013834000 4384       3       sun.misc.URLClassPath::findResource (47 bytes)
Event: 10.107 Thread 0x0000000013834000 nmethod 4384 0x0000000003234650 code [0x00000000032347e0, 0x0000000003234ba8]
Event: 10.108 Thread 0x0000000013834000 4385       3       com.sun.xml.bind.v2.model.impl.RuntimeClassInfoImpl$RuntimePropertySeed::getName (10 bytes)
Event: 10.108 Thread 0x0000000013834000 nmethod 4385 0x0000000003234d50 code [0x0000000003234ec0, 0x00000000032350e8]
Event: 10.109 Thread 0x0000000013834000 4387       3       com.sun.xml.bind.v2.model.impl.ElementPropertyInfoImpl::getTypes (472 bytes)
Event: 12.113 Thread 0x0000000013834000 nmethod 4387 0x0000000003235190 code [0x00000000032358c0, 0x000000000323b7b8]
Event: 12.113 Thread 0x0000000013834000 4386       3       com.sun.xml.bind.v2.model.impl.RuntimeElementPropertyInfoImpl::getTypes (5 bytes)
Event: 12.114 Thread 0x0000000013834000 nmethod 4386 0x000000000323ec10 code [0x000000000323ed80, 0x000000000323ef08]
Event: 12.114 Thread 0x0000000013834000 4388       3       sun.net.www.protocol.jar.JarURLConnection::getUseCaches (8 bytes)
Event: 12.115 Thread 0x0000000013834000 nmethod 4388 0x000000000323ef90 code [0x000000000323f100, 0x000000000323f328]

GC Heap History (10 events):
Event: 4.959 GC heap before
{Heap before GC invocations=9 (full 1):
 PSYoungGen      total 71680K, used 64000K [0x00000000f5580000, 0x00000000fa480000, 0x0000000100000000)
  eden space 64000K, 100% used [0x00000000f5580000,0x00000000f9400000,0x00000000f9400000)
  from space 7680K, 0% used [0x00000000f9400000,0x00000000f9400000,0x00000000f9b80000)
  to   space 6144K, 0% used [0x00000000f9b80000,0x00000000f9b80000,0x00000000fa180000)
 ParOldGen       total 38912K, used 10976K [0x00000000e0000000, 0x00000000e2600000, 0x00000000f5580000)
  object space 38912K, 28% used [0x00000000e0000000,0x00000000e0ab83e0,0x00000000e2600000)
 Metaspace       used 25883K, capacity 26348K, committed 26624K, reserved 1073152K
  class space    used 3623K, capacity 3789K, committed 3840K, reserved 1048576K
Event: 4.968 GC heap after
Heap after GC invocations=9 (full 1):
 PSYoungGen      total 69632K, used 6135K [0x00000000f5580000, 0x00000000fc100000, 0x0000000100000000)
  eden space 63488K, 0% used [0x00000000f5580000,0x00000000f5580000,0x00000000f9380000)
  from space 6144K, 99% used [0x00000000f9b80000,0x00000000fa17dc60,0x00000000fa180000)
  to   space 8192K, 0% used [0x00000000f9380000,0x00000000f9380000,0x00000000f9b80000)
 ParOldGen       total 38912K, used 11101K [0x00000000e0000000, 0x00000000e2600000, 0x00000000f5580000)
  object space 38912K, 28% used [0x00000000e0000000,0x00000000e0ad76c8,0x00000000e2600000)
 Metaspace       used 25883K, capacity 26348K, committed 26624K, reserved 1073152K
  class space    used 3623K, capacity 3789K, committed 3840K, reserved 1048576K
}
Event: 6.156 GC heap before
{Heap before GC invocations=10 (full 1):
 PSYoungGen      total 69632K, used 69623K [0x00000000f5580000, 0x00000000fc100000, 0x0000000100000000)
  eden space 63488K, 100% used [0x00000000f5580000,0x00000000f9380000,0x00000000f9380000)
  from space 6144K, 99% used [0x00000000f9b80000,0x00000000fa17dc60,0x00000000fa180000)
  to   space 8192K, 0% used [0x00000000f9380000,0x00000000f9380000,0x00000000f9b80000)
 ParOldGen       total 38912K, used 11101K [0x00000000e0000000, 0x00000000e2600000, 0x00000000f5580000)
  object space 38912K, 28% used [0x00000000e0000000,0x00000000e0ad76c8,0x00000000e2600000)
 Metaspace       used 29802K, capacity 30314K, committed 30592K, reserved 1075200K
  class space    used 4193K, capacity 4383K, committed 4480K, reserved 1048576K
Event: 6.170 GC heap after
Heap after GC invocations=10 (full 1):
 PSYoungGen      total 71680K, used 8167K [0x00000000f5580000, 0x00000000fb780000, 0x0000000100000000)
  eden space 63488K, 0% used [0x00000000f5580000,0x00000000f5580000,0x00000000f9380000)
  from space 8192K, 99% used [0x00000000f9380000,0x00000000f9b79d98,0x00000000f9b80000)
  to   space 9728K, 0% used [0x00000000fae00000,0x00000000fae00000,0x00000000fb780000)
 ParOldGen       total 38912K, used 12049K [0x00000000e0000000, 0x00000000e2600000, 0x00000000f5580000)
  object space 38912K, 30% used [0x00000000e0000000,0x00000000e0bc4458,0x00000000e2600000)
 Metaspace       used 29802K, capacity 30314K, committed 30592K, reserved 1075200K
  class space    used 4193K, capacity 4383K, committed 4480K, reserved 1048576K
}
Event: 7.586 GC heap before
{Heap before GC invocations=11 (full 1):
 PSYoungGen      total 71680K, used 56968K [0x00000000f5580000, 0x00000000fb780000, 0x0000000100000000)
  eden space 63488K, 76% used [0x00000000f5580000,0x00000000f8528340,0x00000000f9380000)
  from space 8192K, 99% used [0x00000000f9380000,0x00000000f9b79d98,0x00000000f9b80000)
  to   space 9728K, 0% used [0x00000000fae00000,0x00000000fae00000,0x00000000fb780000)
 ParOldGen       total 38912K, used 12049K [0x00000000e0000000, 0x00000000e2600000, 0x00000000f5580000)
  object space 38912K, 30% used [0x00000000e0000000,0x00000000e0bc4458,0x00000000e2600000)
 Metaspace       used 34649K, capacity 35286K, committed 35416K, reserved 1079296K
  class space    used 4864K, capacity 5148K, committed 5208K, reserved 1048576K
Event: 7.611 GC heap after
Heap after GC invocations=11 (full 1):
 PSYoungGen      total 89600K, used 9241K [0x00000000f5580000, 0x00000000fba00000, 0x0000000100000000)
  eden space 79872K, 0% used [0x00000000f5580000,0x00000000f5580000,0x00000000fa380000)
  from space 9728K, 95% used [0x00000000fae00000,0x00000000fb706780,0x00000000fb780000)
  to   space 10752K, 0% used [0x00000000fa380000,0x00000000fa380000,0x00000000fae00000)
 ParOldGen       total 38912K, used 14424K [0x00000000e0000000, 0x00000000e2600000, 0x00000000f5580000)
  object space 38912K, 37% used [0x00000000e0000000,0x00000000e0e163a8,0x00000000e2600000)
 Metaspace       used 34649K, capacity 35286K, committed 35416K, reserved 1079296K
  class space    used 4864K, capacity 5148K, committed 5208K, reserved 1048576K
}
Event: 7.611 GC heap before
{Heap before GC invocations=12 (full 2):
 PSYoungGen      total 89600K, used 9241K [0x00000000f5580000, 0x00000000fba00000, 0x0000000100000000)
  eden space 79872K, 0% used [0x00000000f5580000,0x00000000f5580000,0x00000000fa380000)
  from space 9728K, 95% used [0x00000000fae00000,0x00000000fb706780,0x00000000fb780000)
  to   space 10752K, 0% used [0x00000000fa380000,0x00000000fa380000,0x00000000fae00000)
 ParOldGen       total 38912K, used 14424K [0x00000000e0000000, 0x00000000e2600000, 0x00000000f5580000)
  object space 38912K, 37% used [0x00000000e0000000,0x00000000e0e163a8,0x00000000e2600000)
 Metaspace       used 34649K, capacity 35286K, committed 35416K, reserved 1079296K
  class space    used 4864K, capacity 5148K, committed 5208K, reserved 1048576K
Event: 7.744 GC heap after
Heap after GC invocations=12 (full 2):
 PSYoungGen      total 89600K, used 0K [0x00000000f5580000, 0x00000000fba00000, 0x0000000100000000)
  eden space 79872K, 0% used [0x00000000f5580000,0x00000000f5580000,0x00000000fa380000)
  from space 9728K, 0% used [0x00000000fae00000,0x00000000fae00000,0x00000000fb780000)
  to   space 10752K, 0% used [0x00000000fa380000,0x00000000fa380000,0x00000000fae00000)
 ParOldGen       total 61952K, used 17966K [0x00000000e0000000, 0x00000000e3c80000, 0x00000000f5580000)
  object space 61952K, 29% used [0x00000000e0000000,0x00000000e118baf8,0x00000000e3c80000)
 Metaspace       used 34649K, capacity 35286K, committed 35416K, reserved 1079296K
  class space    used 4864K, capacity 5148K, committed 5208K, reserved 1048576K
}
Event: 8.878 GC heap before
{Heap before GC invocations=13 (full 2):
 PSYoungGen      total 89600K, used 79872K [0x00000000f5580000, 0x00000000fba00000, 0x0000000100000000)
  eden space 79872K, 100% used [0x00000000f5580000,0x00000000fa380000,0x00000000fa380000)
  from space 9728K, 0% used [0x00000000fae00000,0x00000000fae00000,0x00000000fb780000)
  to   space 10752K, 0% used [0x00000000fa380000,0x00000000fa380000,0x00000000fae00000)
 ParOldGen       total 61952K, used 17966K [0x00000000e0000000, 0x00000000e3c80000, 0x00000000f5580000)
  object space 61952K, 29% used [0x00000000e0000000,0x00000000e118baf8,0x00000000e3c80000)
 Metaspace       used 39794K, capacity 40536K, committed 40920K, reserved 1085440K
  class space    used 5450K, capacity 5721K, committed 5848K, reserved 1048576K
Event: 8.896 GC heap after
Heap after GC invocations=13 (full 2):
 PSYoungGen      total 90624K, used 8052K [0x00000000f5580000, 0x00000000fba00000, 0x0000000100000000)
  eden space 79872K, 0% used [0x00000000f5580000,0x00000000f5580000,0x00000000fa380000)
  from space 10752K, 74% used [0x00000000fa380000,0x00000000fab5d3e0,0x00000000fae00000)
  to   space 9728K, 0% used [0x00000000fae00000,0x00000000fae00000,0x00000000fb780000)
 ParOldGen       total 61952K, used 17974K [0x00000000e0000000, 0x00000000e3c80000, 0x00000000f5580000)
  object space 61952K, 29% used [0x00000000e0000000,0x00000000e118daf8,0x00000000e3c80000)
 Metaspace       used 39794K, capacity 40536K, committed 40920K, reserved 1085440K
  class space    used 5450K, capacity 5721K, committed 5848K, reserved 1048576K
}

Deoptimization events (10 events):
Event: 8.555 Thread 0x000000001680a000 Uncommon trap: reason=unstable_if action=reinterpret pc=0x000000000293377c method=java.lang.CharacterDataLatin1.isWhitespace(I)Z @ 14
Event: 8.598 Thread 0x000000001680a000 Uncommon trap: reason=unstable_if action=reinterpret pc=0x000000000261b5a0 method=java.net.URI.match(CJJ)Z @ 45
Event: 8.621 Thread 0x000000001680a000 Uncommon trap: reason=unstable_if action=reinterpret pc=0x0000000002d01998 method=java.util.jar.JarFile.getInputStream(Ljava/util/zip/ZipEntry;)Ljava/io/InputStream; @ 37
Event: 8.624 Thread 0x000000001680a000 Uncommon trap: reason=unstable_if action=reinterpret pc=0x0000000002ce9948 method=java.util.jar.JarFile$JarFileEntry.getCodeSigners()[Ljava/security/CodeSigner; @ 24
Event: 8.626 Thread 0x000000001680a000 Uncommon trap: reason=unstable_if action=reinterpret pc=0x0000000002d79e2c method=java.security.CodeSource.getCertificates()[Ljava/security/cert/Certificate; @ 22
Event: 8.627 Thread 0x000000001680a000 Uncommon trap: reason=unstable_if action=reinterpret pc=0x00000000027f6410 method=java.security.CodeSource.matchCerts(Ljava/security/CodeSource;Z)Z @ 11
Event: 8.663 Thread 0x000000001680a000 Uncommon trap: reason=unstable_if action=reinterpret pc=0x0000000002cac37c method=java.util.LinkedHashMap.get(Ljava/lang/Object;)Ljava/lang/Object; @ 20
Event: 8.786 Thread 0x000000001680a000 Uncommon trap: reason=unstable_if action=reinterpret pc=0x0000000002dfa8c0 method=org.objectweb.asm.ByteVector.putUTF8(Ljava/lang/String;)Lorg/objectweb/asm/ByteVector; @ 91
Event: 8.944 Thread 0x000000001680a000 Uncommon trap: reason=unstable_if action=reinterpret pc=0x0000000002c51cf0 method=org.objectweb.asm.ByteVector.putUTF8(Ljava/lang/String;)Lorg/objectweb/asm/ByteVector; @ 91
Event: 9.089 Thread 0x000000001680a000 Uncommon trap: reason=null_check action=make_not_entrant pc=0x0000000002628bd0 method=java.lang.ThreadLocal$ThreadLocalMap.getEntryAfterMiss(Ljava/lang/ThreadLocal;ILjava/lang/ThreadLocal$ThreadLocalMap$Entry;)Ljava/lang/ThreadLocal$ThreadLocalMap$Entry; 

Classes redefined (0 events):
No events

Internal exceptions (10 events):
Event: 9.730 Thread 0x000000001680a000 Exception <a 'sun/nio/fs/WindowsException'> (0x00000000f8355bb8) thrown at [D:\src\AOSP-openjdk-cygwin\jdk8u\hotspot\src\share\vm\prims\jni.cpp, line 709]
Event: 9.730 Thread 0x000000001680a000 Exception <a 'sun/nio/fs/WindowsException'> (0x00000000f8356538) thrown at [D:\src\AOSP-openjdk-cygwin\jdk8u\hotspot\src\share\vm\prims\jni.cpp, line 709]
Event: 9.730 Thread 0x000000001680a000 Exception <a 'sun/nio/fs/WindowsException'> (0x00000000f8357f70) thrown at [D:\src\AOSP-openjdk-cygwin\jdk8u\hotspot\src\share\vm\prims\jni.cpp, line 709]
Event: 9.730 Thread 0x000000001680a000 Exception <a 'sun/nio/fs/WindowsException'> (0x00000000f83589b8) thrown at [D:\src\AOSP-openjdk-cygwin\jdk8u\hotspot\src\share\vm\prims\jni.cpp, line 709]
Event: 9.732 Thread 0x000000001680a000 Exception <a 'sun/nio/fs/WindowsException'> (0x00000000f835bba8) thrown at [D:\src\AOSP-openjdk-cygwin\jdk8u\hotspot\src\share\vm\prims\jni.cpp, line 709]
Event: 9.732 Thread 0x000000001680a000 Exception <a 'sun/nio/fs/WindowsException'> (0x00000000f835c528) thrown at [D:\src\AOSP-openjdk-cygwin\jdk8u\hotspot\src\share\vm\prims\jni.cpp, line 709]
Event: 9.732 Thread 0x000000001680a000 Exception <a 'sun/nio/fs/WindowsException'> (0x00000000f835df60) thrown at [D:\src\AOSP-openjdk-cygwin\jdk8u\hotspot\src\share\vm\prims\jni.cpp, line 709]
Event: 9.733 Thread 0x000000001680a000 Exception <a 'sun/nio/fs/WindowsException'> (0x00000000f835e990) thrown at [D:\src\AOSP-openjdk-cygwin\jdk8u\hotspot\src\share\vm\prims\jni.cpp, line 709]
Event: 9.747 Thread 0x000000001680a000 Exception <a 'java/lang/ClassNotFoundException': com/sun/org/glassfish/hk2/osgiresourcelocator/ServiceLoader> (0x00000000f83ba0d8) thrown at [D:\src\AOSP-openjdk-cygwin\jdk8u\hotspot\src\share\vm\classfile\systemDictionary.cpp, line 210]
Event: 9.828 Thread 0x000000001680a000 Exception <a 'java/lang/NullPointerException'> (0x00000000f8854908) thrown at [D:\src\AOSP-openjdk-cygwin\jdk8u\hotspot\src\share\vm\interpreter\linkResolver.cpp, line 1301]

Events (10 events):
Event: 13.171 loading class java/util/concurrent/LinkedBlockingDeque$Itr
Event: 13.172 loading class com/sun/xml/bind/v2/runtime/reflect/Lister$1
Event: 13.173 loading class org/gradle/process/internal/health/memory/JvmMemoryStatusSnapshot
Event: 13.173 loading class org/gradle/process/internal/health/memory/JvmMemoryStatusSnapshot done
Event: 13.237 loading class com/sun/xml/bind/v2/runtime/reflect/Lister$1 done
Event: 13.237 loading class java/util/concurrent/LinkedBlockingDeque$AbstractItr
Event: 13.237 loading class java/util/concurrent/LinkedBlockingDeque$AbstractItr done
Event: 13.237 loading class java/util/concurrent/LinkedBlockingDeque$Itr done
Event: 13.238 loading class org/gradle/launcher/daemon/server/health/DaemonMemoryStatus$3
Event: 13.238 loading class org/gradle/launcher/daemon/server/health/DaemonMemoryStatus$3 done


Dynamic libraries:
0x00007ff7e5130000 - 0x00007ff7e5161000 	E:\Android Studio\jre\bin\java.exe
0x00007ff98fa10000 - 0x00007ff98fbe2000 	C:\WINDOWS\SYSTEM32\ntdll.dll
0x00007ff98f8c0000 - 0x00007ff98f96c000 	C:\WINDOWS\System32\KERNEL32.DLL
0x00007ff96e560000 - 0x00007ff96e572000 	C:\Program Files\AVAST Software\Avast\aswhook.dll
0x00007ff98c8c0000 - 0x00007ff98cadd000 	C:\WINDOWS\System32\KERNELBASE.dll
0x00007ff98f210000 - 0x00007ff98f2b2000 	C:\WINDOWS\System32\ADVAPI32.dll
0x00007ff98f170000 - 0x00007ff98f20e000 	C:\WINDOWS\System32\msvcrt.dll
0x00007ff98cfa0000 - 0x00007ff98cff9000 	C:\WINDOWS\System32\sechost.dll
0x00007ff98d000000 - 0x00007ff98d121000 	C:\WINDOWS\System32\RPCRT4.dll
0x00007ff98f750000 - 0x00007ff98f8b5000 	C:\WINDOWS\System32\USER32.dll
0x00007ff98bf60000 - 0x00007ff98bf7e000 	C:\WINDOWS\System32\win32u.dll
0x00007ff98d830000 - 0x00007ff98d864000 	C:\WINDOWS\System32\GDI32.dll
0x00007ff98cc50000 - 0x00007ff98cdd0000 	C:\WINDOWS\System32\gdi32full.dll
0x00007ff980160000 - 0x00007ff9803da000 	C:\WINDOWS\WinSxS\amd64_microsoft.windows.common-controls_6595b64144ccf1df_6.0.14393.953_none_42151e83c686086b\COMCTL32.dll
0x00007ff98f480000 - 0x00007ff98f748000 	C:\WINDOWS\System32\combase.dll
0x00007ff98cb50000 - 0x00007ff98cc45000 	C:\WINDOWS\System32\ucrtbase.dll
0x00007ff98cae0000 - 0x00007ff98cb4a000 	C:\WINDOWS\System32\bcryptPrimitives.dll
0x00007ff98d190000 - 0x00007ff98d1be000 	C:\WINDOWS\System32\IMM32.DLL
0x000000005e7c0000 - 0x000000005e892000 	E:\Android Studio\jre\jre\bin\msvcr100.dll
0x000000005e8a0000 - 0x000000005f0e1000 	E:\Android Studio\jre\jre\bin\server\jvm.dll
0x00007ff98eef0000 - 0x00007ff98eef8000 	C:\WINDOWS\System32\PSAPI.DLL
0x00007ff988910000 - 0x00007ff988919000 	C:\WINDOWS\SYSTEM32\WSOCK32.dll
0x00007ff98ef00000 - 0x00007ff98ef6a000 	C:\WINDOWS\System32\WS2_32.dll
0x00007ff98a3e0000 - 0x00007ff98a403000 	C:\WINDOWS\SYSTEM32\WINMM.dll
0x00007ff980f20000 - 0x00007ff980f2a000 	C:\WINDOWS\SYSTEM32\VERSION.dll
0x00007ff98a3b0000 - 0x00007ff98a3db000 	C:\WINDOWS\SYSTEM32\WINMMBASE.dll
0x00007ff98bf10000 - 0x00007ff98bf52000 	C:\WINDOWS\System32\cfgmgr32.dll
0x00007ff97fb20000 - 0x00007ff97fb2f000 	E:\Android Studio\jre\jre\bin\verify.dll
0x00007ff96deb0000 - 0x00007ff96ded9000 	E:\Android Studio\jre\jre\bin\java.dll
0x00007ff974120000 - 0x00007ff974136000 	E:\Android Studio\jre\jre\bin\zip.dll
0x00007ff98d9e0000 - 0x00007ff98eee9000 	C:\WINDOWS\System32\SHELL32.dll
0x00007ff98c130000 - 0x00007ff98c809000 	C:\WINDOWS\System32\windows.storage.dll
0x00007ff98be80000 - 0x00007ff98becc000 	C:\WINDOWS\System32\powrprof.dll
0x00007ff98ef70000 - 0x00007ff98efc2000 	C:\WINDOWS\System32\shlwapi.dll
0x00007ff98bed0000 - 0x00007ff98bedf000 	C:\WINDOWS\System32\kernel.appcore.dll
0x00007ff98c080000 - 0x00007ff98c129000 	C:\WINDOWS\System32\shcore.dll
0x00007ff98bef0000 - 0x00007ff98bf04000 	C:\WINDOWS\System32\profapi.dll
0x00007ff97c790000 - 0x00007ff97c7aa000 	E:\Android Studio\jre\jre\bin\net.dll
0x00007ff98b7b0000 - 0x00007ff98b80c000 	C:\WINDOWS\system32\mswsock.dll
0x00007ff96e580000 - 0x00007ff96e591000 	E:\Android Studio\jre\jre\bin\nio.dll
0x00007ff97a780000 - 0x00007ff97a79e000 	C:\Users\Fareeha Shakil\.gradle\native\25\windows-amd64\native-platform.dll
0x00007ff97e270000 - 0x00007ff97e27d000 	E:\Android Studio\jre\jre\bin\management.dll
0x00007ff98b950000 - 0x00007ff98b967000 	C:\WINDOWS\SYSTEM32\CRYPTSP.dll
0x00007ff98b3b0000 - 0x00007ff98b3e3000 	C:\WINDOWS\system32\rsaenh.dll
0x00007ff98bdc0000 - 0x00007ff98bdeb000 	C:\WINDOWS\SYSTEM32\bcrypt.dll
0x00007ff98b630000 - 0x00007ff98b64f000 	C:\WINDOWS\SYSTEM32\USERENV.dll
0x00007ff98b970000 - 0x00007ff98b97b000 	C:\WINDOWS\SYSTEM32\CRYPTBASE.dll
0x00007ff98b530000 - 0x00007ff98b568000 	C:\WINDOWS\SYSTEM32\IPHLPAPI.DLL
0x00007ff98d9d0000 - 0x00007ff98d9d8000 	C:\WINDOWS\System32\NSI.dll
0x00007ff985930000 - 0x00007ff985946000 	C:\WINDOWS\SYSTEM32\dhcpcsvc6.DLL
0x00007ff9859a0000 - 0x00007ff9859ba000 	C:\WINDOWS\SYSTEM32\dhcpcsvc.DLL

VM Arguments:
jvm_args: -Xmx512m -Dfile.encoding=windows-1252 -Duser.country=US -Duser.language=en -Duser.variant 
java_command: org.gradle.launcher.daemon.bootstrap.GradleDaemon 4.6
java_class_path (initial): C:\Users\Fareeha Shakil\.gradle\wrapper\dists\gradle-4.6-all\bcst21l2brirad8k2ben1letg\gradle-4.6\lib\gradle-launcher-4.6.jar
Launcher Type: SUN_STANDARD

Environment Variables:
JAVA_HOME=E:\Java
PATH=C:\ProgramData\Oracle\Java\javapath;E:\Arena\RSCommon;E:\app\Administrator\product\11.2.0\dbhome_2\bin;E:\app\Administrator\product\11.2.0\dbhome_1\bin;C:\Program Files (x86)\Intel\iCLS Client\;C:\Program Files\Intel\iCLS Client\;C:\WINDOWS\system32;C:\WINDOWS;C:\WINDOWS\System32\Wbem;C:\WINDOWS\System32\WindowsPowerShell\v1.0\;C:\Program Files (x86)\Intel\Intel(R) Management Engine Components\DAL;C:\Program Files\Intel\Intel(R) Management Engine Components\DAL;C:\Program Files (x86)\Intel\Intel(R) Management Engine Components\IPT;C:\Program Files\Intel\Intel(R) Management Engine Components\IPT;E:\MATLAB\runtime\win64;E:\MATLAB\bin;E:\MATLAB\polyspace\bin;E:\Git\cmd;E:\Git\mingw64\bin;E:\Git\usr\bin;E:\WebDev\NodeJS\;E:\Python\Scripts\;E:\Python\;C:\Users\Fareeha Shakil\AppData\Local\Microsoft\WindowsApps;;E:\Microsoft VS Code\bin;C:\Users\Fareeha Shakil\AppData\Roaming\npm
USERNAME=Fareeha Shakil
OS=Windows_NT
PROCESSOR_IDENTIFIER=Intel64 Family 6 Model 61 Stepping 4, GenuineIntel



---------------  S Y S T E M  ---------------

OS: Windows 10.0 , 64 bit Build 14393 (10.0.14393.2214)

CPU:total 4 (initial active 4) (2 cores per cpu, 2 threads per core) family 6 model 61 stepping 4, cmov, cx8, fxsr, mmx, sse, sse2, sse3, ssse3, sse4.1, sse4.2, popcnt, avx, avx2, aes, clmul, erms, 3dnowpref, lzcnt, ht, tsc, tscinvbit, bmi1, bmi2, adx

Memory: 4k page, physical 4107804k(583164k free), swap 6213332k(420k free)

vm_info: OpenJDK 64-Bit Server VM (25.152-b06) for windows-amd64 JRE (1.8.0_152-release-1136-b06), built by "builder" with MS VC++ 10.0 (VS2010)

time: Fri Jun 28 16:12:49 2019
elapsed time: 17 seconds (0d 0h 0m 17s)

