#
# There is insufficient memory for the Java Runtime Environment to continue.
# Native memory allocation (malloc) failed to allocate 2262736 bytes for Chunk::new
# Possible reasons:
#   The system is out of physical RAM or swap space
#   In 32 bit mode, the process size limit was hit
# Possible solutions:
#   Reduce memory load on the system
#   Increase physical memory or swap space
#   Check if swap backing store is full
#   Use 64 bit Java on a 64 bit OS
#   Decrease Java heap size (-Xmx/-Xms)
#   Decrease number of Java threads
#   Decrease Java thread stack sizes (-Xss)
#   Set larger code cache with -XX:ReservedCodeCacheSize=
# This output file may be truncated or incomplete.
#
#  Out of Memory Error (allocation.cpp:390), pid=1664, tid=0x0000000000001938
#
# JRE version: OpenJDK Runtime Environment (8.0_152-b06) (build 1.8.0_152-release-1136-b06)
# Java VM: OpenJDK 64-Bit Server VM (25.152-b06 mixed mode windows-amd64 compressed oops)
# Failed to write core dump. Minidumps are not enabled by default on client versions of Windows
#

---------------  T H R E A D  ---------------

Current thread (0x000000001682d000):  JavaThread "C2 CompilerThread1" daemon [_thread_in_native, id=6456, stack(0x0000000017f70000,0x0000000018070000)]

Stack: [0x0000000017f70000,0x0000000018070000]
[error occurred during error reporting (printing stack bounds), id 0xc0000005]

Native frames: (J=compiled Java code, j=interpreted, Vv=VM code, C=native code)


Current CompileTask:
C2:  20430 1486   !   4       java.net.URLClassLoader$1::run (63 bytes)


---------------  P R O C E S S  ---------------

Java Threads: ( => current thread )
  0x000000001960f000 JavaThread "Cache worker for file hash cache (E:\Signup\.gradle\4.6\fileHashes)" [_thread_blocked, id=11196, stack(0x000000001c380000,0x000000001c480000)]
  0x0000000018345000 JavaThread "File lock request listener" [_thread_in_native, id=11228, stack(0x000000001c280000,0x000000001c380000)]
  0x00000000194eb000 JavaThread "Cache worker for file hash cache (C:\Users\Fareeha Shakil\.gradle\caches\4.6\fileHashes)" [_thread_blocked, id=7456, stack(0x000000001c180000,0x000000001c280000)]
  0x0000000019b68000 JavaThread "Stdin handler" [_thread_blocked, id=6236, stack(0x000000001be80000,0x000000001bf80000)]
  0x000000001928e800 JavaThread "Asynchronous log dispatcher for DefaultDaemonConnection: socket connection from /127.0.0.1:58227 to /127.0.0.1:58228" [_thread_blocked, id=3024, stack(0x000000001bd80000,0x000000001be80000)]
  0x000000001928b800 JavaThread "Daemon worker" [_thread_in_vm, id=2024, stack(0x000000001bc80000,0x000000001bd80000)]
  0x000000001a088800 JavaThread "Cancel handler" [_thread_blocked, id=5476, stack(0x000000001bb80000,0x000000001bc80000)]
  0x00000000196fc000 JavaThread "Handler for socket connection from /127.0.0.1:58227 to /127.0.0.1:58228" [_thread_in_native, id=9444, stack(0x000000001b880000,0x000000001b980000)]
  0x00000000196fb800 JavaThread "Daemon" [_thread_blocked, id=8116, stack(0x000000001b780000,0x000000001b880000)]
  0x0000000019441000 JavaThread "Daemon periodic checks" [_thread_blocked, id=10520, stack(0x000000001b680000,0x000000001b780000)]
  0x0000000019c5f000 JavaThread "Incoming local TCP Connector on port 58227" [_thread_in_native, id=10524, stack(0x000000001b450000,0x000000001b550000)]
  0x0000000018190800 JavaThread "Service Thread" daemon [_thread_blocked, id=11132, stack(0x0000000018570000,0x0000000018670000)]
  0x0000000016830000 JavaThread "C1 CompilerThread2" daemon [_thread_blocked, id=6212, stack(0x0000000018070000,0x0000000018170000)]
=>0x000000001682d000 JavaThread "C2 CompilerThread1" daemon [_thread_in_native, id=6456, stack(0x0000000017f70000,0x0000000018070000)]
  0x0000000016829000 JavaThread "C2 CompilerThread0" daemon [_thread_in_native, id=2904, stack(0x0000000017e70000,0x0000000017f70000)]
  0x0000000016836800 JavaThread "Attach Listener" daemon [_thread_blocked, id=11044, stack(0x0000000017d70000,0x0000000017e70000)]
  0x0000000016835800 JavaThread "Signal Dispatcher" daemon [_thread_blocked, id=4948, stack(0x0000000017c70000,0x0000000017d70000)]
  0x0000000016818800 JavaThread "Finalizer" daemon [_thread_blocked, id=288, stack(0x0000000017a80000,0x0000000017b80000)]
  0x0000000002eb0000 JavaThread "Reference Handler" daemon [_thread_blocked, id=10760, stack(0x0000000017980000,0x0000000017a80000)]
  0x0000000002b9d800 JavaThread "main" [_thread_blocked, id=7500, stack(0x0000000002cc0000,0x0000000002dc0000)]

Other Threads:
  0x00000000167f6000 VMThread [stack: 0x0000000017880000,0x0000000017980000] [id=10132]
  0x0000000018191000 WatcherThread [stack: 0x0000000018670000,0x0000000018770000] [id=10448]

VM state:not at safepoint (normal execution)

VM Mutex/Monitor currently owned by a thread: None

Heap:
 PSYoungGen      total 21504K, used 17724K [0x00000000e0000000, 0x00000000e2a00000, 0x0000000100000000)
  eden space 15872K, 84% used [0x00000000e0000000,0x00000000e0d2c578,0x00000000e0f80000)
  from space 5632K, 75% used [0x00000000e0f80000,0x00000000e13a2d70,0x00000000e1500000)
  to   space 5632K, 0% used [0x00000000e2480000,0x00000000e2480000,0x00000000e2a00000)
 ParOldGen       total 44032K, used 5367K [0x00000000a0000000, 0x00000000a2b00000, 0x00000000e0000000)
  object space 44032K, 12% used [0x00000000a0000000,0x00000000a053dda8,0x00000000a2b00000)
 Metaspace       used 16751K, capacity 17052K, committed 17152K, reserved 1064960K
  class space    used 2408K, capacity 2540K, committed 2560K, reserved 1048576K

Card table byte_map: [0x0000000012280000,0x0000000012590000] byte_map_base: 0x0000000011d80000

Marking Bits: (ParMarkBitMap*) 0x00000000769f5aa0
 Begin Bits: [0x0000000012b90000, 0x0000000014390000)
 End Bits:   [0x0000000014390000, 0x0000000015b90000)

Polling page: 0x0000000002b80000

CodeCache: size=245760Kb used=4951Kb max_used=4951Kb free=240808Kb
 bounds [0x0000000002ec0000, 0x00000000033a0000, 0x0000000011ec0000]
 total_blobs=1819 nmethods=1445 adapters=287
 compilation: enabled

Compilation events (10 events):
Event: 20.273 Thread 0x0000000016830000 1544       3       sun.misc.ProxyGenerator::access$1000 (7 bytes)
Event: 20.274 Thread 0x0000000016830000 nmethod 1544 0x0000000003394fd0 code [0x0000000003395140, 0x00000000033952a8]
Event: 20.274 Thread 0x0000000016830000 1545       3       sun.misc.ProxyGenerator$ConstantPool::getString (21 bytes)
Event: 20.276 Thread 0x0000000016830000 nmethod 1545 0x0000000003395390 code [0x0000000003395540, 0x0000000003395a48]
Event: 20.276 Thread 0x0000000016830000 1546       3       sun.misc.ProxyGenerator::code_ldc (64 bytes)
Event: 20.279 Thread 0x0000000016830000 nmethod 1546 0x0000000003395d10 code [0x0000000003395f20, 0x0000000003396b28]
Event: 20.283 Thread 0x0000000016830000 1547       3       java.util.concurrent.locks.AbstractOwnableSynchronizer::setExclusiveOwnerThread (6 bytes)
Event: 20.284 Thread 0x0000000016830000 nmethod 1547 0x0000000003396f90 code [0x00000000033970e0, 0x0000000003397250]
Event: 20.324 Thread 0x0000000016830000 1548       3       sun.reflect.NativeMethodAccessorImpl::invoke (104 bytes)
Event: 20.331 Thread 0x0000000016830000 nmethod 1548 0x00000000033972d0 code [0x0000000003397540, 0x00000000033989d8]

GC Heap History (10 events):
Event: 8.968 GC heap before
{Heap before GC invocations=3 (full 0):
 PSYoungGen      total 18944K, used 18940K [0x00000000e0000000, 0x00000000e1500000, 0x0000000100000000)
  eden space 16384K, 100% used [0x00000000e0000000,0x00000000e1000000,0x00000000e1000000)
  from space 2560K, 99% used [0x00000000e1280000,0x00000000e14ff000,0x00000000e1500000)
  to   space 2560K, 0% used [0x00000000e1000000,0x00000000e1000000,0x00000000e1280000)
 ParOldGen       total 44032K, used 355K [0x00000000a0000000, 0x00000000a2b00000, 0x00000000e0000000)
  object space 44032K, 0% used [0x00000000a0000000,0x00000000a0058ea8,0x00000000a2b00000)
 Metaspace       used 6859K, capacity 7016K, committed 7168K, reserved 1056768K
  class space    used 847K, capacity 916K, committed 1024K, reserved 1048576K
Event: 8.979 GC heap after
Heap after GC invocations=3 (full 0):
 PSYoungGen      total 18944K, used 2544K [0x00000000e0000000, 0x00000000e1500000, 0x0000000100000000)
  eden space 16384K, 0% used [0x00000000e0000000,0x00000000e0000000,0x00000000e1000000)
  from space 2560K, 99% used [0x00000000e1000000,0x00000000e127c010,0x00000000e1280000)
  to   space 2560K, 0% used [0x00000000e1280000,0x00000000e1280000,0x00000000e1500000)
 ParOldGen       total 44032K, used 535K [0x00000000a0000000, 0x00000000a2b00000, 0x00000000e0000000)
  object space 44032K, 1% used [0x00000000a0000000,0x00000000a0085de0,0x00000000a2b00000)
 Metaspace       used 6859K, capacity 7016K, committed 7168K, reserved 1056768K
  class space    used 847K, capacity 916K, committed 1024K, reserved 1048576K
}
Event: 15.396 GC heap before
{Heap before GC invocations=4 (full 0):
 PSYoungGen      total 18944K, used 18928K [0x00000000e0000000, 0x00000000e1500000, 0x0000000100000000)
  eden space 16384K, 100% used [0x00000000e0000000,0x00000000e1000000,0x00000000e1000000)
  from space 2560K, 99% used [0x00000000e1000000,0x00000000e127c010,0x00000000e1280000)
  to   space 2560K, 0% used [0x00000000e1280000,0x00000000e1280000,0x00000000e1500000)
 ParOldGen       total 44032K, used 535K [0x00000000a0000000, 0x00000000a2b00000, 0x00000000e0000000)
  object space 44032K, 1% used [0x00000000a0000000,0x00000000a0085de0,0x00000000a2b00000)
 Metaspace       used 10380K, capacity 10568K, committed 10752K, reserved 1058816K
  class space    used 1356K, capacity 1454K, committed 1536K, reserved 1048576K
Event: 15.413 GC heap after
Heap after GC invocations=4 (full 0):
 PSYoungGen      total 18944K, used 2544K [0x00000000e0000000, 0x00000000e1500000, 0x0000000100000000)
  eden space 16384K, 0% used [0x00000000e0000000,0x00000000e0000000,0x00000000e1000000)
  from space 2560K, 99% used [0x00000000e1280000,0x00000000e14fc010,0x00000000e1500000)
  to   space 2560K, 0% used [0x00000000e1000000,0x00000000e1000000,0x00000000e1280000)
 ParOldGen       total 44032K, used 2343K [0x00000000a0000000, 0x00000000a2b00000, 0x00000000e0000000)
  object space 44032K, 5% used [0x00000000a0000000,0x00000000a0249cd8,0x00000000a2b00000)
 Metaspace       used 10380K, capacity 10568K, committed 10752K, reserved 1058816K
  class space    used 1356K, capacity 1454K, committed 1536K, reserved 1048576K
}
Event: 17.403 GC heap before
{Heap before GC invocations=5 (full 0):
 PSYoungGen      total 18944K, used 18928K [0x00000000e0000000, 0x00000000e1500000, 0x0000000100000000)
  eden space 16384K, 100% used [0x00000000e0000000,0x00000000e1000000,0x00000000e1000000)
  from space 2560K, 99% used [0x00000000e1280000,0x00000000e14fc010,0x00000000e1500000)
  to   space 2560K, 0% used [0x00000000e1000000,0x00000000e1000000,0x00000000e1280000)
 ParOldGen       total 44032K, used 2343K [0x00000000a0000000, 0x00000000a2b00000, 0x00000000e0000000)
  object space 44032K, 5% used [0x00000000a0000000,0x00000000a0249cd8,0x00000000a2b00000)
 Metaspace       used 12647K, capacity 13048K, committed 13184K, reserved 1060864K
  class space    used 1712K, capacity 1866K, committed 1920K, reserved 1048576K
Event: 17.433 GC heap after
Heap after GC invocations=5 (full 0):
 PSYoungGen      total 18944K, used 2528K [0x00000000e0000000, 0x00000000e1a00000, 0x0000000100000000)
  eden space 16384K, 0% used [0x00000000e0000000,0x00000000e0000000,0x00000000e1000000)
  from space 2560K, 98% used [0x00000000e1000000,0x00000000e1278040,0x00000000e1280000)
  to   space 5120K, 0% used [0x00000000e1500000,0x00000000e1500000,0x00000000e1a00000)
 ParOldGen       total 44032K, used 4399K [0x00000000a0000000, 0x00000000a2b00000, 0x00000000e0000000)
  object space 44032K, 9% used [0x00000000a0000000,0x00000000a044bd58,0x00000000a2b00000)
 Metaspace       used 12647K, capacity 13048K, committed 13184K, reserved 1060864K
  class space    used 1712K, capacity 1866K, committed 1920K, reserved 1048576K
}
Event: 17.974 GC heap before
{Heap before GC invocations=6 (full 0):
 PSYoungGen      total 18944K, used 18912K [0x00000000e0000000, 0x00000000e1a00000, 0x0000000100000000)
  eden space 16384K, 100% used [0x00000000e0000000,0x00000000e1000000,0x00000000e1000000)
  from space 2560K, 98% used [0x00000000e1000000,0x00000000e1278040,0x00000000e1280000)
  to   space 5120K, 0% used [0x00000000e1500000,0x00000000e1500000,0x00000000e1a00000)
 ParOldGen       total 44032K, used 4399K [0x00000000a0000000, 0x00000000a2b00000, 0x00000000e0000000)
  object space 44032K, 9% used [0x00000000a0000000,0x00000000a044bd58,0x00000000a2b00000)
 Metaspace       used 13952K, capacity 14300K, committed 14464K, reserved 1060864K
  class space    used 1944K, capacity 2092K, committed 2176K, reserved 1048576K
Event: 17.993 GC heap after
Heap after GC invocations=6 (full 0):
 PSYoungGen      total 20992K, used 4409K [0x00000000e0000000, 0x00000000e2b00000, 0x0000000100000000)
  eden space 15872K, 0% used [0x00000000e0000000,0x00000000e0000000,0x00000000e0f80000)
  from space 5120K, 86% used [0x00000000e1500000,0x00000000e194e688,0x00000000e1a00000)
  to   space 5632K, 0% used [0x00000000e0f80000,0x00000000e0f80000,0x00000000e1500000)
 ParOldGen       total 44032K, used 4407K [0x00000000a0000000, 0x00000000a2b00000, 0x00000000e0000000)
  object space 44032K, 10% used [0x00000000a0000000,0x00000000a044dd58,0x00000000a2b00000)
 Metaspace       used 13952K, capacity 14300K, committed 14464K, reserved 1060864K
  class space    used 1944K, capacity 2092K, committed 2176K, reserved 1048576K
}
Event: 19.178 GC heap before
{Heap before GC invocations=7 (full 0):
 PSYoungGen      total 20992K, used 20281K [0x00000000e0000000, 0x00000000e2b00000, 0x0000000100000000)
  eden space 15872K, 100% used [0x00000000e0000000,0x00000000e0f80000,0x00000000e0f80000)
  from space 5120K, 86% used [0x00000000e1500000,0x00000000e194e688,0x00000000e1a00000)
  to   space 5632K, 0% used [0x00000000e0f80000,0x00000000e0f80000,0x00000000e1500000)
 ParOldGen       total 44032K, used 4407K [0x00000000a0000000, 0x00000000a2b00000, 0x00000000e0000000)
  object space 44032K, 10% used [0x00000000a0000000,0x00000000a044dd58,0x00000000a2b00000)
 Metaspace       used 15648K, capacity 15964K, committed 16256K, reserved 1062912K
  class space    used 2216K, capacity 2348K, committed 2432K, reserved 1048576K
Event: 19.207 GC heap after
Heap after GC invocations=7 (full 0):
 PSYoungGen      total 21504K, used 4235K [0x00000000e0000000, 0x00000000e2a00000, 0x0000000100000000)
  eden space 15872K, 0% used [0x00000000e0000000,0x00000000e0000000,0x00000000e0f80000)
  from space 5632K, 75% used [0x00000000e0f80000,0x00000000e13a2d70,0x00000000e1500000)
  to   space 5632K, 0% used [0x00000000e2480000,0x00000000e2480000,0x00000000e2a00000)
 ParOldGen       total 44032K, used 5367K [0x00000000a0000000, 0x00000000a2b00000, 0x00000000e0000000)
  object space 44032K, 12% used [0x00000000a0000000,0x00000000a053dda8,0x00000000a2b00000)
 Metaspace       used 15648K, capacity 15964K, committed 16256K, reserved 1062912K
  class space    used 2216K, capacity 2348K, committed 2432K, reserved 1048576K
}

Deoptimization events (10 events):
Event: 11.264 Thread 0x0000000002b9d800 Uncommon trap: reason=unstable_if action=reinterpret pc=0x00000000031f9610 method=java.io.WinNTFileSystem.normalize(Ljava/lang/String;)Ljava/lang/String; @ 128
Event: 11.265 Thread 0x0000000002b9d800 Uncommon trap: reason=unstable_if action=reinterpret pc=0x00000000031d893c method=java.io.WinNTFileSystem.normalize(Ljava/lang/String;II)Ljava/lang/String; @ 90
Event: 16.347 Thread 0x00000000196fc000 Uncommon trap: reason=unstable_if action=reinterpret pc=0x00000000032d9730 method=java.util.concurrent.ConcurrentHashMap.putVal(Ljava/lang/Object;Ljava/lang/Object;Z)Ljava/lang/Object; @ 206
Event: 16.860 Thread 0x000000001928b800 Uncommon trap: reason=bimorphic action=maybe_recompile pc=0x000000000320d770 method=java.util.HashMap.putVal(ILjava/lang/Object;Ljava/lang/Object;ZZ)Ljava/lang/Object; @ 253
Event: 16.861 Thread 0x000000001928b800 Uncommon trap: reason=bimorphic action=maybe_recompile pc=0x000000000320d770 method=java.util.HashMap.putVal(ILjava/lang/Object;Ljava/lang/Object;ZZ)Ljava/lang/Object; @ 253
Event: 17.780 Thread 0x000000001928b800 Uncommon trap: reason=class_check action=maybe_recompile pc=0x000000000316f344 method=java.util.regex.Matcher.match(II)Z @ 86
Event: 17.781 Thread 0x000000001928b800 Uncommon trap: reason=class_check action=maybe_recompile pc=0x000000000316f344 method=java.util.regex.Matcher.match(II)Z @ 86
Event: 17.998 Thread 0x000000001928b800 Uncommon trap: reason=class_check action=maybe_recompile pc=0x000000000313c69c method=java.util.regex.Matcher.match(II)Z @ 86
Event: 18.214 Thread 0x000000001928b800 Uncommon trap: reason=unstable_if action=reinterpret pc=0x0000000003342534 method=java.lang.String.lastIndexOf([CII[CIII)I @ 66
Event: 20.299 Thread 0x000000001928b800 Uncommon trap: reason=unstable_if action=reinterpret pc=0x000000000316b9d8 method=java.io.File.getName()Ljava/lang/String; @ 16

Classes redefined (0 events):
No events

Internal exceptions (10 events):
Event: 16.525 Thread 0x00000000196fc000 Exception <a 'java/lang/NoSuchMethodError': <clinit>> (0x00000000e0535378) thrown at [D:\src\AOSP-openjdk-cygwin\jdk8u\hotspot\src\share\vm\prims\jni.cpp, line 1613]
Event: 16.530 Thread 0x00000000196fc000 Exception <a 'java/lang/NoSuchMethodError': <clinit>> (0x00000000e0546ae8) thrown at [D:\src\AOSP-openjdk-cygwin\jdk8u\hotspot\src\share\vm\prims\jni.cpp, line 1613]
Event: 16.581 Thread 0x00000000196fc000 Exception <a 'java/lang/NoSuchMethodError': <clinit>> (0x00000000e05bb128) thrown at [D:\src\AOSP-openjdk-cygwin\jdk8u\hotspot\src\share\vm\prims\jni.cpp, line 1613]
Event: 16.628 Thread 0x00000000196fc000 Exception <a 'java/lang/NoSuchMethodError': <clinit>> (0x00000000e05e0350) thrown at [D:\src\AOSP-openjdk-cygwin\jdk8u\hotspot\src\share\vm\prims\jni.cpp, line 1613]
Event: 16.648 Thread 0x00000000196fc000 Exception <a 'java/lang/NoSuchMethodError': <clinit>> (0x00000000e060bfe0) thrown at [D:\src\AOSP-openjdk-cygwin\jdk8u\hotspot\src\share\vm\prims\jni.cpp, line 1613]
Event: 16.652 Thread 0x00000000196fc000 Exception <a 'java/lang/NoSuchMethodError': <clinit>> (0x00000000e0617380) thrown at [D:\src\AOSP-openjdk-cygwin\jdk8u\hotspot\src\share\vm\prims\jni.cpp, line 1613]
Event: 16.676 Thread 0x00000000196fc000 Exception <a 'java/lang/NoSuchMethodError': <clinit>> (0x00000000e0622d18) thrown at [D:\src\AOSP-openjdk-cygwin\jdk8u\hotspot\src\share\vm\prims\jni.cpp, line 1613]
Event: 16.700 Thread 0x00000000196fc000 Exception <a 'java/lang/NoSuchMethodError': <clinit>> (0x00000000e0645ff8) thrown at [D:\src\AOSP-openjdk-cygwin\jdk8u\hotspot\src\share\vm\prims\jni.cpp, line 1613]
Event: 16.779 Thread 0x000000001928b800 Exception <a 'java/lang/NoSuchMethodError': <clinit>> (0x00000000e06dc9b0) thrown at [D:\src\AOSP-openjdk-cygwin\jdk8u\hotspot\src\share\vm\prims\jni.cpp, line 1613]
Event: 16.782 Thread 0x000000001928b800 Exception <a 'java/lang/NoSuchMethodError': <clinit>> (0x00000000e06e4c38) thrown at [D:\src\AOSP-openjdk-cygwin\jdk8u\hotspot\src\share\vm\prims\jni.cpp, line 1613]

Events (10 events):
Event: 20.222 loading class org/gradle/internal/invocation/GradleBuildController done
Event: 20.230 loading class org/gradle/internal/invocation/GradleBuildController$State
Event: 20.230 loading class org/gradle/internal/invocation/GradleBuildController$State done
Event: 20.234 loading class org/gradle/internal/jvm/UnsupportedJavaRuntimeException
Event: 20.234 loading class org/gradle/internal/jvm/UnsupportedJavaRuntimeException done
Event: 20.298 loading class java/io/File$TempDirectory
Event: 20.298 loading class java/io/File$TempDirectory done
Event: 20.299 Thread 0x000000001928b800 Uncommon trap: trap_request=0xffffff65 fr.pc=0x000000000316b9d8
Event: 20.299 Thread 0x000000001928b800 DEOPT PACKING pc=0x000000000316b9d8 sp=0x000000001bd7cc90
Event: 20.299 Thread 0x000000001928b800 DEOPT UNPACKING pc=0x0000000002f0557b sp=0x000000001bd7cc78 mode 2


Dynamic libraries:
0x00007ff7fd230000 - 0x00007ff7fd261000 	E:\Android Studio\jre\bin\java.exe
0x00007ffb240b0000 - 0x00007ffb24282000 	C:\WINDOWS\SYSTEM32\ntdll.dll
0x00007ffb21910000 - 0x00007ffb219bc000 	C:\WINDOWS\System32\KERNEL32.DLL
0x00007ffb05fa0000 - 0x00007ffb05fb2000 	C:\Program Files\AVAST Software\Avast\aswhook.dll
0x00007ffb210d0000 - 0x00007ffb212ed000 	C:\WINDOWS\System32\KERNELBASE.dll
0x00007ffb234c0000 - 0x00007ffb23562000 	C:\WINDOWS\System32\ADVAPI32.dll
0x00007ffb219c0000 - 0x00007ffb21a5e000 	C:\WINDOWS\System32\msvcrt.dll
0x00007ffb23940000 - 0x00007ffb23999000 	C:\WINDOWS\System32\sechost.dll
0x00007ffb23f10000 - 0x00007ffb24031000 	C:\WINDOWS\System32\RPCRT4.dll
0x00007ffb21c40000 - 0x00007ffb21da5000 	C:\WINDOWS\System32\USER32.dll
0x00007ffb21620000 - 0x00007ffb2163e000 	C:\WINDOWS\System32\win32u.dll
0x00007ffb23a00000 - 0x00007ffb23a34000 	C:\WINDOWS\System32\GDI32.dll
0x00007ffb213a0000 - 0x00007ffb21520000 	C:\WINDOWS\System32\gdi32full.dll
0x00007ffb12550000 - 0x00007ffb127ca000 	C:\WINDOWS\WinSxS\amd64_microsoft.windows.common-controls_6595b64144ccf1df_6.0.14393.953_none_42151e83c686086b\COMCTL32.dll
0x00007ffb23570000 - 0x00007ffb23838000 	C:\WINDOWS\System32\combase.dll
0x00007ffb21520000 - 0x00007ffb21615000 	C:\WINDOWS\System32\ucrtbase.dll
0x00007ffb205b0000 - 0x00007ffb2061a000 	C:\WINDOWS\System32\bcryptPrimitives.dll
0x00007ffb23a40000 - 0x00007ffb23a6e000 	C:\WINDOWS\System32\IMM32.DLL
0x0000000076d00000 - 0x0000000076dd2000 	E:\Android Studio\jre\jre\bin\msvcr100.dll
0x0000000076230000 - 0x0000000076a71000 	E:\Android Studio\jre\jre\bin\server\jvm.dll
0x00007ffb21640000 - 0x00007ffb21648000 	C:\WINDOWS\System32\PSAPI.DLL
0x00007ffb1d5c0000 - 0x00007ffb1d5c9000 	C:\WINDOWS\SYSTEM32\WSOCK32.dll
0x00007ffb23a70000 - 0x00007ffb23ada000 	C:\WINDOWS\System32\WS2_32.dll
0x00007ffb1ea80000 - 0x00007ffb1eaa3000 	C:\WINDOWS\SYSTEM32\WINMM.dll
0x00007ffb16590000 - 0x00007ffb1659a000 	C:\WINDOWS\SYSTEM32\VERSION.dll
0x00007ffb1ea20000 - 0x00007ffb1ea4b000 	C:\WINDOWS\SYSTEM32\WINMMBASE.dll
0x00007ffb20620000 - 0x00007ffb20662000 	C:\WINDOWS\System32\cfgmgr32.dll
0x00007ffb18e10000 - 0x00007ffb18e1f000 	E:\Android Studio\jre\jre\bin\verify.dll
0x00007ffb18cf0000 - 0x00007ffb18d19000 	E:\Android Studio\jre\jre\bin\java.dll
0x00007ffb18a40000 - 0x00007ffb18a56000 	E:\Android Studio\jre\jre\bin\zip.dll
0x00007ffb21fb0000 - 0x00007ffb234b9000 	C:\WINDOWS\System32\SHELL32.dll
0x00007ffb20990000 - 0x00007ffb21069000 	C:\WINDOWS\System32\windows.storage.dll
0x00007ffb20550000 - 0x00007ffb2059c000 	C:\WINDOWS\System32\powrprof.dll
0x00007ffb239a0000 - 0x00007ffb239f2000 	C:\WINDOWS\System32\shlwapi.dll
0x00007ffb20520000 - 0x00007ffb2052f000 	C:\WINDOWS\System32\kernel.appcore.dll
0x00007ffb20840000 - 0x00007ffb208e9000 	C:\WINDOWS\System32\shcore.dll
0x00007ffb20530000 - 0x00007ffb20544000 	C:\WINDOWS\System32\profapi.dll
0x00007ffb18a20000 - 0x00007ffb18a3a000 	E:\Android Studio\jre\jre\bin\net.dll
0x00007ffb1fdf0000 - 0x00007ffb1fe4c000 	C:\WINDOWS\system32\mswsock.dll
0x00007ffb189c0000 - 0x00007ffb189d1000 	E:\Android Studio\jre\jre\bin\nio.dll
0x00007ffb192d0000 - 0x00007ffb192ee000 	C:\Users\Fareeha Shakil\.gradle\native\25\windows-amd64\native-platform.dll
0x00007ffb18de0000 - 0x00007ffb18ded000 	E:\Android Studio\jre\jre\bin\management.dll
0x00007ffb1ff90000 - 0x00007ffb1ffa7000 	C:\WINDOWS\SYSTEM32\CRYPTSP.dll
0x00007ffb1f9f0000 - 0x00007ffb1fa23000 	C:\WINDOWS\system32\rsaenh.dll
0x00007ffb20460000 - 0x00007ffb2048b000 	C:\WINDOWS\SYSTEM32\bcrypt.dll
0x00007ffb1fc70000 - 0x00007ffb1fc8f000 	C:\WINDOWS\SYSTEM32\USERENV.dll
0x00007ffb1ffb0000 - 0x00007ffb1ffbb000 	C:\WINDOWS\SYSTEM32\CRYPTBASE.dll
0x00007ffb1fb70000 - 0x00007ffb1fba8000 	C:\WINDOWS\SYSTEM32\IPHLPAPI.DLL
0x00007ffb21db0000 - 0x00007ffb21db8000 	C:\WINDOWS\System32\NSI.dll
0x00007ffb19b70000 - 0x00007ffb19b86000 	C:\WINDOWS\SYSTEM32\dhcpcsvc6.DLL
0x00007ffb1b110000 - 0x00007ffb1b12a000 	C:\WINDOWS\SYSTEM32\dhcpcsvc.DLL

VM Arguments:
jvm_args: -Xmx1536m -Dfile.encoding=windows-1252 -Duser.country=US -Duser.language=en -Duser.variant 
java_command: org.gradle.launcher.daemon.bootstrap.GradleDaemon 4.6
java_class_path (initial): C:\Users\Fareeha Shakil\.gradle\wrapper\dists\gradle-4.6-all\bcst21l2brirad8k2ben1letg\gradle-4.6\lib\gradle-launcher-4.6.jar
Launcher Type: SUN_STANDARD

Environment Variables:
JAVA_HOME=E:\Java
PATH=C:\ProgramData\Oracle\Java\javapath;E:\Arena\RSCommon;E:\app\Administrator\product\11.2.0\dbhome_2\bin;E:\app\Administrator\product\11.2.0\dbhome_1\bin;C:\Program Files (x86)\Intel\iCLS Client\;C:\Program Files\Intel\iCLS Client\;C:\WINDOWS\system32;C:\WINDOWS;C:\WINDOWS\System32\Wbem;C:\WINDOWS\System32\WindowsPowerShell\v1.0\;C:\Program Files (x86)\Intel\Intel(R) Management Engine Components\DAL;C:\Program Files\Intel\Intel(R) Management Engine Components\DAL;C:\Program Files (x86)\Intel\Intel(R) Management Engine Components\IPT;C:\Program Files\Intel\Intel(R) Management Engine Components\IPT;E:\MATLAB\runtime\win64;E:\MATLAB\bin;E:\MATLAB\polyspace\bin;E:\Git\cmd;E:\Git\mingw64\bin;E:\Git\usr\bin;E:\WebDev\NodeJS\;E:\Python\Scripts\;E:\Python\;C:\Users\Fareeha Shakil\AppData\Local\Microsoft\WindowsApps;E:\Microsoft VS Code\bin;C:\Users\Fareeha Shakil\AppData\Roaming\npm
USERNAME=Fareeha Shakil
OS=Windows_NT
PROCESSOR_IDENTIFIER=Intel64 Family 6 Model 61 Stepping 4, GenuineIntel



---------------  S Y S T E M  ---------------

OS: Windows 10.0 , 64 bit Build 14393 (10.0.14393.2214)

CPU:total 4 (initial active 4) (2 cores per cpu, 2 threads per core) family 6 model 61 stepping 4, cmov, cx8, fxsr, mmx, sse, sse2, sse3, ssse3, sse4.1, sse4.2, popcnt, avx, avx2, aes, clmul, erms, 3dnowpref, lzcnt, ht, tsc, tscinvbit, bmi1, bmi2, adx

Memory: 4k page, physical 4107804k(398468k free), swap 6829460k(5744k free)

vm_info: OpenJDK 64-Bit Server VM (25.152-b06) for windows-amd64 JRE (1.8.0_152-release-1136-b06), built by "builder" with MS VC++ 10.0 (VS2010)

time: Fri Jun 14 21:31:06 2019
elapsed time: 20 seconds (0d 0h 0m 20s)

