#
# There is insufficient memory for the Java Runtime Environment to continue.
# Native memory allocation (malloc) failed to allocate 32744 bytes for ChunkPool::allocate
# Possible reasons:
#   The system is out of physical RAM or swap space
#   In 32 bit mode, the process size limit was hit
# Possible solutions:
#   Reduce memory load on the system
#   Increase physical memory or swap space
#   Check if swap backing store is full
#   Use 64 bit Java on a 64 bit OS
#   Decrease Java heap size (-Xmx/-Xms)
#   Decrease number of Java threads
#   Decrease Java thread stack sizes (-Xss)
#   Set larger code cache with -XX:ReservedCodeCacheSize=
# This output file may be truncated or incomplete.
#
#  Out of Memory Error (allocation.cpp:273), pid=6076, tid=0x00000000000006c8
#
# JRE version: OpenJDK Runtime Environment (8.0_152-b06) (build 1.8.0_152-release-1136-b06)
# Java VM: OpenJDK 64-Bit Server VM (25.152-b06 mixed mode windows-amd64 compressed oops)
# Failed to write core dump. Minidumps are not enabled by default on client versions of Windows
#

---------------  T H R E A D  ---------------

Current thread (0x0000000013801800):  JavaThread "C2 CompilerThread1" daemon [_thread_in_native, id=1736, stack(0x0000000014f40000,0x0000000015040000)]

Stack: [0x0000000014f40000,0x0000000015040000]
[error occurred during error reporting (printing stack bounds), id 0xc0000005]

Native frames: (J=compiled Java code, j=interpreted, Vv=VM code, C=native code)


Current CompileTask:
C2:  11693 4159       4       sun.reflect.generics.parser.SignatureParser::parsePackageNameAndSimpleClassTypeSignature (139 bytes)


---------------  P R O C E S S  ---------------

Java Threads: ( => current thread )
  0x000000001a2a4000 JavaThread "Memory manager" [_thread_blocked, id=8040, stack(0x000000001d6f0000,0x000000001d7f0000)]
  0x000000001a2a7000 JavaThread "Build operations Thread 4" [_thread_blocked, id=11260, stack(0x000000001d5f0000,0x000000001d6f0000)]
  0x000000001a2a6000 JavaThread "Build operations Thread 3" [_thread_blocked, id=7676, stack(0x000000001d4f0000,0x000000001d5f0000)]
  0x000000001a2a2800 JavaThread "Build operations Thread 2" [_thread_blocked, id=10724, stack(0x000000001d1f0000,0x000000001d2f0000)]
  0x000000001a2a1800 JavaThread "Build operations" [_thread_blocked, id=11064, stack(0x000000001bd90000,0x000000001be90000)]
  0x000000001a2a4800 JavaThread "Cache worker for Artifact transforms cache (C:\Users\Fareeha Shakil\.gradle\caches\transforms-1)" [_thread_blocked, id=8324, stack(0x000000001a820000,0x000000001a920000)]
  0x0000000017352000 JavaThread "Cache worker for file hash cache (E:\Signup\.gradle\4.6\fileHashes)" [_thread_blocked, id=9300, stack(0x0000000019350000,0x0000000019450000)]
  0x0000000017578000 JavaThread "File lock request listener" [_thread_in_native, id=7908, stack(0x0000000019250000,0x0000000019350000)]
  0x0000000017577000 JavaThread "Cache worker for file hash cache (C:\Users\Fareeha Shakil\.gradle\caches\4.6\fileHashes)" [_thread_blocked, id=9964, stack(0x0000000019150000,0x0000000019250000)]
  0x0000000016484800 JavaThread "Stdin handler" [_thread_blocked, id=1624, stack(0x0000000018e50000,0x0000000018f50000)]
  0x0000000016153800 JavaThread "Asynchronous log dispatcher for DefaultDaemonConnection: socket connection from /127.0.0.1:51798 to /127.0.0.1:51799" [_thread_blocked, id=10912, stack(0x0000000018d50000,0x0000000018e50000)]
  0x0000000016d4a800 JavaThread "Daemon worker" [_thread_in_native, id=11248, stack(0x0000000018c50000,0x0000000018d50000)]
  0x00000000168d1000 JavaThread "Cancel handler" [_thread_blocked, id=10100, stack(0x0000000018b50000,0x0000000018c50000)]
  0x0000000016419800 JavaThread "Handler for socket connection from /127.0.0.1:51798 to /127.0.0.1:51799" [_thread_in_native, id=1692, stack(0x0000000018850000,0x0000000018950000)]
  0x0000000016419000 JavaThread "Daemon" [_thread_blocked, id=10708, stack(0x0000000018750000,0x0000000018850000)]
  0x0000000016443000 JavaThread "Daemon periodic checks" [_thread_blocked, id=4472, stack(0x0000000018650000,0x0000000018750000)]
  0x0000000016be3000 JavaThread "Incoming local TCP Connector on port 51798" [_thread_in_native, id=5216, stack(0x0000000018420000,0x0000000018520000)]
  0x0000000015168800 JavaThread "Service Thread" daemon [_thread_blocked, id=6944, stack(0x0000000015540000,0x0000000015640000)]
  0x0000000013804000 JavaThread "C1 CompilerThread2" daemon [_thread_in_native, id=10300, stack(0x0000000015040000,0x0000000015140000)]
=>0x0000000013801800 JavaThread "C2 CompilerThread1" daemon [_thread_in_native, id=1736, stack(0x0000000014f40000,0x0000000015040000)]
  0x00000000137fd800 JavaThread "C2 CompilerThread0" daemon [_thread_in_native, id=5504, stack(0x0000000014e40000,0x0000000014f40000)]
  0x00000000137fb800 JavaThread "Attach Listener" daemon [_thread_blocked, id=7120, stack(0x0000000014d40000,0x0000000014e40000)]
  0x00000000137f8800 JavaThread "Signal Dispatcher" daemon [_thread_blocked, id=3124, stack(0x0000000014c40000,0x0000000014d40000)]
  0x00000000137e8800 JavaThread "Finalizer" daemon [_thread_blocked, id=6692, stack(0x0000000014a50000,0x0000000014b50000)]
  0x0000000002480000 JavaThread "Reference Handler" daemon [_thread_blocked, id=10248, stack(0x0000000014950000,0x0000000014a50000)]
  0x000000000238d800 JavaThread "main" [_thread_blocked, id=6464, stack(0x00000000021c0000,0x00000000022c0000)]

Other Threads:
  0x00000000137c6000 VMThread [stack: 0x0000000014850000,0x0000000014950000] [id=4448]
  0x0000000015169000 WatcherThread [stack: 0x0000000015640000,0x0000000015740000] [id=2252]

VM state:not at safepoint (normal execution)

VM Mutex/Monitor currently owned by a thread: None

Heap:
 PSYoungGen      total 134656K, used 35879K [0x00000000f5580000, 0x0000000100000000, 0x0000000100000000)
  eden space 123392K, 19% used [0x00000000f5580000,0x00000000f6d8ad38,0x00000000fce00000)
  from space 11264K, 99% used [0x00000000fdc00000,0x00000000fe6ff260,0x00000000fe700000)
  to   space 14336K, 0% used [0x00000000fce00000,0x00000000fce00000,0x00000000fdc00000)
 ParOldGen       total 60416K, used 22820K [0x00000000e0000000, 0x00000000e3b00000, 0x00000000f5580000)
  object space 60416K, 37% used [0x00000000e0000000,0x00000000e1649110,0x00000000e3b00000)
 Metaspace       used 45939K, capacity 46762K, committed 46976K, reserved 1089536K
  class space    used 6250K, capacity 6528K, committed 6528K, reserved 1048576K

Card table byte_map: [0x0000000011850000,0x0000000011960000] byte_map_base: 0x0000000011150000

Marking Bits: (ParMarkBitMap*) 0x000000005f065aa0
 Begin Bits: [0x0000000011d60000, 0x0000000012560000)
 End Bits:   [0x0000000012560000, 0x0000000012d60000)

Polling page: 0x0000000002160000

CodeCache: size=245760Kb used=13700Kb max_used=13700Kb free=232059Kb
 bounds [0x0000000002490000, 0x0000000003200000, 0x0000000011490000]
 total_blobs=4703 nmethods=3954 adapters=661
 compilation: enabled

Compilation events (10 events):
Event: 11.663 Thread 0x0000000013804000 nmethod 4286 0x00000000031f5b90 code [0x00000000031f5e40, 0x00000000031f7288]
Event: 11.663 Thread 0x0000000013804000 4290       3       com.sun.org.apache.xerces.internal.utils.XMLLimitAnalyzer::addValue (11 bytes)
Event: 11.664 Thread 0x0000000013804000 nmethod 4290 0x00000000031f7d90 code [0x00000000031f7f00, 0x00000000031f81a8]
Event: 11.664 Thread 0x0000000013804000 4291       3       com.sun.org.apache.xerces.internal.utils.XMLLimitAnalyzer::addValue (260 bytes)
Event: 11.666 Thread 0x0000000013804000 nmethod 4291 0x00000000031f8290 code [0x00000000031f8580, 0x00000000031f9f28]
Event: 11.666 Thread 0x0000000013804000 4295       3       com.sun.org.apache.xerces.internal.util.SymbolTable::addSymbol (110 bytes)
Event: 11.666 Thread 0x0000000013804000 nmethod 4295 0x00000000031fad10 code [0x00000000031faec0, 0x00000000031fb358]
Event: 11.666 Thread 0x0000000013804000 4287       3       com.sun.org.apache.xerces.internal.impl.XMLNSDocumentScannerImpl::next (39 bytes)
Event: 11.667 Thread 0x0000000013804000 nmethod 4287 0x00000000031fb6d0 code [0x00000000031fb860, 0x00000000031fbc48]
Event: 11.667 Thread 0x0000000013804000 4288   !   3       com.sun.org.apache.xerces.internal.impl.XMLDocumentFragmentScannerImpl$FragmentContentDriver::next (2346 bytes)

GC Heap History (10 events):
Event: 3.873 GC heap before
{Heap before GC invocations=8 (full 1):
 PSYoungGen      total 71680K, used 6267K [0x00000000f5580000, 0x00000000fe280000, 0x0000000100000000)
  eden space 64000K, 0% used [0x00000000f5580000,0x00000000f5580000,0x00000000f9400000)
  from space 7680K, 81% used [0x00000000f9400000,0x00000000f9a1ec20,0x00000000f9b80000)
  to   space 8192K, 0% used [0x00000000fda80000,0x00000000fda80000,0x00000000fe280000)
 ParOldGen       total 44032K, used 7041K [0x00000000e0000000, 0x00000000e2b00000, 0x00000000f5580000)
  object space 44032K, 15% used [0x00000000e0000000,0x00000000e06e0410,0x00000000e2b00000)
 Metaspace       used 20860K, capacity 21244K, committed 21248K, reserved 1067008K
  class space    used 2927K, capacity 3072K, committed 3072K, reserved 1048576K
Event: 3.931 GC heap after
Heap after GC invocations=8 (full 1):
 PSYoungGen      total 71680K, used 0K [0x00000000f5580000, 0x00000000fe280000, 0x0000000100000000)
  eden space 64000K, 0% used [0x00000000f5580000,0x00000000f5580000,0x00000000f9400000)
  from space 7680K, 0% used [0x00000000f9400000,0x00000000f9400000,0x00000000f9b80000)
  to   space 8192K, 0% used [0x00000000fda80000,0x00000000fda80000,0x00000000fe280000)
 ParOldGen       total 35328K, used 8514K [0x00000000e0000000, 0x00000000e2280000, 0x00000000f5580000)
  object space 35328K, 24% used [0x00000000e0000000,0x00000000e0850af0,0x00000000e2280000)
 Metaspace       used 20860K, capacity 21244K, committed 21248K, reserved 1067008K
  class space    used 2927K, capacity 3072K, committed 3072K, reserved 1048576K
}
Event: 5.516 GC heap before
{Heap before GC invocations=9 (full 1):
 PSYoungGen      total 71680K, used 64000K [0x00000000f5580000, 0x00000000fe280000, 0x0000000100000000)
  eden space 64000K, 100% used [0x00000000f5580000,0x00000000f9400000,0x00000000f9400000)
  from space 7680K, 0% used [0x00000000f9400000,0x00000000f9400000,0x00000000f9b80000)
  to   space 8192K, 0% used [0x00000000fda80000,0x00000000fda80000,0x00000000fe280000)
 ParOldGen       total 35328K, used 8514K [0x00000000e0000000, 0x00000000e2280000, 0x00000000f5580000)
  object space 35328K, 24% used [0x00000000e0000000,0x00000000e0850af0,0x00000000e2280000)
 Metaspace       used 26522K, capacity 26966K, committed 27136K, reserved 1073152K
  class space    used 3637K, capacity 3797K, committed 3840K, reserved 1048576K
Event: 5.528 GC heap after
Heap after GC invocations=9 (full 1):
 PSYoungGen      total 104960K, used 6776K [0x00000000f5580000, 0x00000000fe180000, 0x0000000100000000)
  eden space 97792K, 0% used [0x00000000f5580000,0x00000000f5580000,0x00000000fb500000)
  from space 7168K, 94% used [0x00000000fda80000,0x00000000fe11e0d0,0x00000000fe180000)
  to   space 8704K, 0% used [0x00000000fd080000,0x00000000fd080000,0x00000000fd900000)
 ParOldGen       total 35328K, used 8522K [0x00000000e0000000, 0x00000000e2280000, 0x00000000f5580000)
  object space 35328K, 24% used [0x00000000e0000000,0x00000000e0852af0,0x00000000e2280000)
 Metaspace       used 26522K, capacity 26966K, committed 27136K, reserved 1073152K
  class space    used 3637K, capacity 3797K, committed 3840K, reserved 1048576K
}
Event: 8.031 GC heap before
{Heap before GC invocations=10 (full 1):
 PSYoungGen      total 104960K, used 102141K [0x00000000f5580000, 0x00000000fe180000, 0x0000000100000000)
  eden space 97792K, 97% used [0x00000000f5580000,0x00000000fb2a1500,0x00000000fb500000)
  from space 7168K, 94% used [0x00000000fda80000,0x00000000fe11e0d0,0x00000000fe180000)
  to   space 8704K, 0% used [0x00000000fd080000,0x00000000fd080000,0x00000000fd900000)
 ParOldGen       total 35328K, used 8522K [0x00000000e0000000, 0x00000000e2280000, 0x00000000f5580000)
  object space 35328K, 24% used [0x00000000e0000000,0x00000000e0852af0,0x00000000e2280000)
 Metaspace       used 34705K, capacity 35308K, committed 35416K, reserved 1079296K
  class space    used 4810K, capacity 5026K, committed 5120K, reserved 1048576K
Event: 8.049 GC heap after
Heap after GC invocations=10 (full 1):
 PSYoungGen      total 134656K, used 8685K [0x00000000f5580000, 0x00000000fe700000, 0x0000000100000000)
  eden space 125952K, 0% used [0x00000000f5580000,0x00000000f5580000,0x00000000fd080000)
  from space 8704K, 99% used [0x00000000fd080000,0x00000000fd8fb500,0x00000000fd900000)
  to   space 11264K, 0% used [0x00000000fdc00000,0x00000000fdc00000,0x00000000fe700000)
 ParOldGen       total 35328K, used 12555K [0x00000000e0000000, 0x00000000e2280000, 0x00000000f5580000)
  object space 35328K, 35% used [0x00000000e0000000,0x00000000e0c42e50,0x00000000e2280000)
 Metaspace       used 34705K, capacity 35308K, committed 35416K, reserved 1079296K
  class space    used 4810K, capacity 5026K, committed 5120K, reserved 1048576K
}
Event: 8.049 GC heap before
{Heap before GC invocations=11 (full 2):
 PSYoungGen      total 134656K, used 8685K [0x00000000f5580000, 0x00000000fe700000, 0x0000000100000000)
  eden space 125952K, 0% used [0x00000000f5580000,0x00000000f5580000,0x00000000fd080000)
  from space 8704K, 99% used [0x00000000fd080000,0x00000000fd8fb500,0x00000000fd900000)
  to   space 11264K, 0% used [0x00000000fdc00000,0x00000000fdc00000,0x00000000fe700000)
 ParOldGen       total 35328K, used 12555K [0x00000000e0000000, 0x00000000e2280000, 0x00000000f5580000)
  object space 35328K, 35% used [0x00000000e0000000,0x00000000e0c42e50,0x00000000e2280000)
 Metaspace       used 34705K, capacity 35308K, committed 35416K, reserved 1079296K
  class space    used 4810K, capacity 5026K, committed 5120K, reserved 1048576K
Event: 8.130 GC heap after
Heap after GC invocations=11 (full 2):
 PSYoungGen      total 134656K, used 0K [0x00000000f5580000, 0x00000000fe700000, 0x0000000100000000)
  eden space 125952K, 0% used [0x00000000f5580000,0x00000000f5580000,0x00000000fd080000)
  from space 8704K, 0% used [0x00000000fd080000,0x00000000fd080000,0x00000000fd900000)
  to   space 11264K, 0% used [0x00000000fdc00000,0x00000000fdc00000,0x00000000fe700000)
 ParOldGen       total 60416K, used 19123K [0x00000000e0000000, 0x00000000e3b00000, 0x00000000f5580000)
  object space 60416K, 31% used [0x00000000e0000000,0x00000000e12acdf8,0x00000000e3b00000)
 Metaspace       used 34705K, capacity 35308K, committed 35416K, reserved 1079296K
  class space    used 4810K, capacity 5026K, committed 5120K, reserved 1048576K
}
Event: 10.923 GC heap before
{Heap before GC invocations=12 (full 2):
 PSYoungGen      total 134656K, used 125952K [0x00000000f5580000, 0x00000000fe700000, 0x0000000100000000)
  eden space 125952K, 100% used [0x00000000f5580000,0x00000000fd080000,0x00000000fd080000)
  from space 8704K, 0% used [0x00000000fd080000,0x00000000fd080000,0x00000000fd900000)
  to   space 11264K, 0% used [0x00000000fdc00000,0x00000000fdc00000,0x00000000fe700000)
 ParOldGen       total 60416K, used 19123K [0x00000000e0000000, 0x00000000e3b00000, 0x00000000f5580000)
  object space 60416K, 31% used [0x00000000e0000000,0x00000000e12acdf8,0x00000000e3b00000)
 Metaspace       used 42718K, capacity 43518K, committed 43776K, reserved 1087488K
  class space    used 5791K, capacity 6062K, committed 6144K, reserved 1048576K
Event: 10.943 GC heap after
Heap after GC invocations=12 (full 2):
 PSYoungGen      total 134656K, used 11260K [0x00000000f5580000, 0x0000000100000000, 0x0000000100000000)
  eden space 123392K, 0% used [0x00000000f5580000,0x00000000f5580000,0x00000000fce00000)
  from space 11264K, 99% used [0x00000000fdc00000,0x00000000fe6ff260,0x00000000fe700000)
  to   space 14336K, 0% used [0x00000000fce00000,0x00000000fce00000,0x00000000fdc00000)
 ParOldGen       total 60416K, used 22820K [0x00000000e0000000, 0x00000000e3b00000, 0x00000000f5580000)
  object space 60416K, 37% used [0x00000000e0000000,0x00000000e1649110,0x00000000e3b00000)
 Metaspace       used 42718K, capacity 43518K, committed 43776K, reserved 1087488K
  class space    used 5791K, capacity 6062K, committed 6144K, reserved 1048576K
}

Deoptimization events (10 events):
Event: 9.195 Thread 0x0000000016d4a800 Uncommon trap: reason=unstable_if action=reinterpret pc=0x00000000025ebf20 method=java.net.URI.match(CJJ)Z @ 45
Event: 9.269 Thread 0x0000000016d4a800 Uncommon trap: reason=unstable_if action=reinterpret pc=0x0000000002e19624 method=java.util.jar.JarFile.getInputStream(Ljava/util/zip/ZipEntry;)Ljava/io/InputStream; @ 37
Event: 9.284 Thread 0x0000000016d4a800 Uncommon trap: reason=unstable_if action=reinterpret pc=0x0000000002e5cf44 method=java.util.jar.JarFile$JarFileEntry.getCodeSigners()[Ljava/security/CodeSigner; @ 24
Event: 9.286 Thread 0x0000000016d4a800 Uncommon trap: reason=unstable_if action=reinterpret pc=0x0000000002d018ec method=java.security.CodeSource.getCertificates()[Ljava/security/cert/Certificate; @ 22
Event: 9.287 Thread 0x0000000016d4a800 Uncommon trap: reason=unstable_if action=reinterpret pc=0x0000000002e2da70 method=java.security.CodeSource.matchCerts(Ljava/security/CodeSource;Z)Z @ 11
Event: 9.313 Thread 0x0000000016d4a800 Uncommon trap: reason=unstable_if action=reinterpret pc=0x0000000002a41238 method=java.util.LinkedHashMap.get(Ljava/lang/Object;)Ljava/lang/Object; @ 20
Event: 9.446 Thread 0x0000000016d4a800 Uncommon trap: reason=unstable_if action=reinterpret pc=0x0000000002d1fef4 method=org.objectweb.asm.ByteVector.putUTF8(Ljava/lang/String;)Lorg/objectweb/asm/ByteVector; @ 91
Event: 9.599 Thread 0x0000000016d4a800 Uncommon trap: reason=unstable_if action=reinterpret pc=0x0000000002c8deb0 method=org.objectweb.asm.ByteVector.putUTF8(Ljava/lang/String;)Lorg/objectweb/asm/ByteVector; @ 91
Event: 10.094 Thread 0x0000000016d4a800 Uncommon trap: reason=unstable_if action=reinterpret pc=0x0000000003064a2c method=org.gradle.internal.reflect.PropertyAccessorType.of(Ljava/lang/reflect/Method;)Lorg/gradle/internal/reflect/PropertyAccessorType; @ 56
Event: 11.252 Thread 0x0000000016d4a800 Uncommon trap: reason=unstable_if action=reinterpret pc=0x0000000002abc0dc method=sun.misc.MetaIndex.mayContain(Ljava/lang/String;)Z @ 38

Classes redefined (0 events):
No events

Internal exceptions (10 events):
Event: 10.725 Thread 0x0000000016d4a800 Exception <a 'sun/nio/fs/WindowsException'> (0x00000000fce2a920) thrown at [D:\src\AOSP-openjdk-cygwin\jdk8u\hotspot\src\share\vm\prims\jni.cpp, line 709]
Event: 10.725 Thread 0x0000000016d4a800 Exception <a 'sun/nio/fs/WindowsException'> (0x00000000fce2b2a0) thrown at [D:\src\AOSP-openjdk-cygwin\jdk8u\hotspot\src\share\vm\prims\jni.cpp, line 709]
Event: 10.726 Thread 0x0000000016d4a800 Exception <a 'sun/nio/fs/WindowsException'> (0x00000000fce2ccd8) thrown at [D:\src\AOSP-openjdk-cygwin\jdk8u\hotspot\src\share\vm\prims\jni.cpp, line 709]
Event: 10.726 Thread 0x0000000016d4a800 Exception <a 'sun/nio/fs/WindowsException'> (0x00000000fce2d720) thrown at [D:\src\AOSP-openjdk-cygwin\jdk8u\hotspot\src\share\vm\prims\jni.cpp, line 709]
Event: 10.757 Thread 0x0000000016d4a800 Exception <a 'sun/nio/fs/WindowsException'> (0x00000000fce30910) thrown at [D:\src\AOSP-openjdk-cygwin\jdk8u\hotspot\src\share\vm\prims\jni.cpp, line 709]
Event: 10.757 Thread 0x0000000016d4a800 Exception <a 'sun/nio/fs/WindowsException'> (0x00000000fce31290) thrown at [D:\src\AOSP-openjdk-cygwin\jdk8u\hotspot\src\share\vm\prims\jni.cpp, line 709]
Event: 10.757 Thread 0x0000000016d4a800 Exception <a 'sun/nio/fs/WindowsException'> (0x00000000fce32cc8) thrown at [D:\src\AOSP-openjdk-cygwin\jdk8u\hotspot\src\share\vm\prims\jni.cpp, line 709]
Event: 10.758 Thread 0x0000000016d4a800 Exception <a 'sun/nio/fs/WindowsException'> (0x00000000fce336f8) thrown at [D:\src\AOSP-openjdk-cygwin\jdk8u\hotspot\src\share\vm\prims\jni.cpp, line 709]
Event: 10.872 Thread 0x0000000016d4a800 Exception <a 'java/lang/ClassNotFoundException': com/sun/org/glassfish/hk2/osgiresourcelocator/ServiceLoader> (0x00000000fce8ee40) thrown at [D:\src\AOSP-openjdk-cygwin\jdk8u\hotspot\src\share\vm\classfile\systemDictionary.cpp, line 210]
Event: 10.977 Thread 0x0000000016d4a800 Exception <a 'java/lang/NullPointerException'> (0x00000000f582a8b8) thrown at [D:\src\AOSP-openjdk-cygwin\jdk8u\hotspot\src\share\vm\interpreter\linkResolver.cpp, line 1301]

Events (10 events):
Event: 11.645 loading class com/sun/org/apache/xerces/internal/impl/xs/opti/ElementImpl done
Event: 11.645 loading class com/sun/org/apache/xerces/internal/impl/XMLScanner$NameType
Event: 11.645 loading class com/sun/org/apache/xerces/internal/impl/XMLScanner$NameType done
Event: 11.649 loading class com/sun/org/apache/xerces/internal/impl/xs/SchemaSymbols
Event: 11.651 loading class com/sun/org/apache/xerces/internal/impl/xs/SchemaSymbols done
Event: 11.652 loading class com/sun/org/apache/xerces/internal/impl/xs/opti/AttrImpl
Event: 11.652 loading class com/sun/org/apache/xerces/internal/impl/xs/opti/AttrImpl done
Event: 11.653 loading class com/sun/org/apache/xerces/internal/util/NamespaceSupport$Prefixes
Event: 11.654 loading class com/sun/org/apache/xerces/internal/util/NamespaceSupport$Prefixes done
Event: 11.671 loading class com/sun/org/apache/xerces/internal/util/DOMUtil


Dynamic libraries:
0x00007ff7e5130000 - 0x00007ff7e5161000 	E:\Android Studio\jre\bin\java.exe
0x00007ff98fa10000 - 0x00007ff98fbe2000 	C:\WINDOWS\SYSTEM32\ntdll.dll
0x00007ff98f8c0000 - 0x00007ff98f96c000 	C:\WINDOWS\System32\KERNEL32.DLL
0x00007ff96e560000 - 0x00007ff96e572000 	C:\Program Files\AVAST Software\Avast\aswhook.dll
0x00007ff98c8c0000 - 0x00007ff98cadd000 	C:\WINDOWS\System32\KERNELBASE.dll
0x00007ff98f210000 - 0x00007ff98f2b2000 	C:\WINDOWS\System32\ADVAPI32.dll
0x00007ff98f170000 - 0x00007ff98f20e000 	C:\WINDOWS\System32\msvcrt.dll
0x00007ff98cfa0000 - 0x00007ff98cff9000 	C:\WINDOWS\System32\sechost.dll
0x00007ff98d000000 - 0x00007ff98d121000 	C:\WINDOWS\System32\RPCRT4.dll
0x00007ff98f750000 - 0x00007ff98f8b5000 	C:\WINDOWS\System32\USER32.dll
0x00007ff98bf60000 - 0x00007ff98bf7e000 	C:\WINDOWS\System32\win32u.dll
0x00007ff98d830000 - 0x00007ff98d864000 	C:\WINDOWS\System32\GDI32.dll
0x00007ff98cc50000 - 0x00007ff98cdd0000 	C:\WINDOWS\System32\gdi32full.dll
0x00007ff980160000 - 0x00007ff9803da000 	C:\WINDOWS\WinSxS\amd64_microsoft.windows.common-controls_6595b64144ccf1df_6.0.14393.953_none_42151e83c686086b\COMCTL32.dll
0x00007ff98f480000 - 0x00007ff98f748000 	C:\WINDOWS\System32\combase.dll
0x00007ff98cb50000 - 0x00007ff98cc45000 	C:\WINDOWS\System32\ucrtbase.dll
0x00007ff98cae0000 - 0x00007ff98cb4a000 	C:\WINDOWS\System32\bcryptPrimitives.dll
0x00007ff98d190000 - 0x00007ff98d1be000 	C:\WINDOWS\System32\IMM32.DLL
0x000000005e7c0000 - 0x000000005e892000 	E:\Android Studio\jre\jre\bin\msvcr100.dll
0x000000005e8a0000 - 0x000000005f0e1000 	E:\Android Studio\jre\jre\bin\server\jvm.dll
0x00007ff98eef0000 - 0x00007ff98eef8000 	C:\WINDOWS\System32\PSAPI.DLL
0x00007ff988910000 - 0x00007ff988919000 	C:\WINDOWS\SYSTEM32\WSOCK32.dll
0x00007ff98ef00000 - 0x00007ff98ef6a000 	C:\WINDOWS\System32\WS2_32.dll
0x00007ff98a3e0000 - 0x00007ff98a403000 	C:\WINDOWS\SYSTEM32\WINMM.dll
0x00007ff980f20000 - 0x00007ff980f2a000 	C:\WINDOWS\SYSTEM32\VERSION.dll
0x00007ff98a3b0000 - 0x00007ff98a3db000 	C:\WINDOWS\SYSTEM32\WINMMBASE.dll
0x00007ff98bf10000 - 0x00007ff98bf52000 	C:\WINDOWS\System32\cfgmgr32.dll
0x00007ff97fb20000 - 0x00007ff97fb2f000 	E:\Android Studio\jre\jre\bin\verify.dll
0x00007ff96deb0000 - 0x00007ff96ded9000 	E:\Android Studio\jre\jre\bin\java.dll
0x00007ff974120000 - 0x00007ff974136000 	E:\Android Studio\jre\jre\bin\zip.dll
0x00007ff98d9e0000 - 0x00007ff98eee9000 	C:\WINDOWS\System32\SHELL32.dll
0x00007ff98c130000 - 0x00007ff98c809000 	C:\WINDOWS\System32\windows.storage.dll
0x00007ff98be80000 - 0x00007ff98becc000 	C:\WINDOWS\System32\powrprof.dll
0x00007ff98ef70000 - 0x00007ff98efc2000 	C:\WINDOWS\System32\shlwapi.dll
0x00007ff98bed0000 - 0x00007ff98bedf000 	C:\WINDOWS\System32\kernel.appcore.dll
0x00007ff98c080000 - 0x00007ff98c129000 	C:\WINDOWS\System32\shcore.dll
0x00007ff98bef0000 - 0x00007ff98bf04000 	C:\WINDOWS\System32\profapi.dll
0x00007ff97c790000 - 0x00007ff97c7aa000 	E:\Android Studio\jre\jre\bin\net.dll
0x00007ff98b7b0000 - 0x00007ff98b80c000 	C:\WINDOWS\system32\mswsock.dll
0x00007ff96e580000 - 0x00007ff96e591000 	E:\Android Studio\jre\jre\bin\nio.dll
0x00007ff97a780000 - 0x00007ff97a79e000 	C:\Users\Fareeha Shakil\.gradle\native\25\windows-amd64\native-platform.dll
0x00007ff97e270000 - 0x00007ff97e27d000 	E:\Android Studio\jre\jre\bin\management.dll
0x00007ff98b950000 - 0x00007ff98b967000 	C:\WINDOWS\SYSTEM32\CRYPTSP.dll
0x00007ff98b3b0000 - 0x00007ff98b3e3000 	C:\WINDOWS\system32\rsaenh.dll
0x00007ff98bdc0000 - 0x00007ff98bdeb000 	C:\WINDOWS\SYSTEM32\bcrypt.dll
0x00007ff98b630000 - 0x00007ff98b64f000 	C:\WINDOWS\SYSTEM32\USERENV.dll
0x00007ff98b970000 - 0x00007ff98b97b000 	C:\WINDOWS\SYSTEM32\CRYPTBASE.dll
0x00007ff98b530000 - 0x00007ff98b568000 	C:\WINDOWS\SYSTEM32\IPHLPAPI.DLL
0x00007ff98d9d0000 - 0x00007ff98d9d8000 	C:\WINDOWS\System32\NSI.dll
0x00007ff985930000 - 0x00007ff985946000 	C:\WINDOWS\SYSTEM32\dhcpcsvc6.DLL
0x00007ff9859a0000 - 0x00007ff9859ba000 	C:\WINDOWS\SYSTEM32\dhcpcsvc.DLL

VM Arguments:
jvm_args: -Xmx512m -Dfile.encoding=windows-1252 -Duser.country=US -Duser.language=en -Duser.variant 
java_command: org.gradle.launcher.daemon.bootstrap.GradleDaemon 4.6
java_class_path (initial): C:\Users\Fareeha Shakil\.gradle\wrapper\dists\gradle-4.6-all\bcst21l2brirad8k2ben1letg\gradle-4.6\lib\gradle-launcher-4.6.jar
Launcher Type: SUN_STANDARD

Environment Variables:
JAVA_HOME=E:\Java
PATH=C:\ProgramData\Oracle\Java\javapath;E:\Arena\RSCommon;E:\app\Administrator\product\11.2.0\dbhome_2\bin;E:\app\Administrator\product\11.2.0\dbhome_1\bin;C:\Program Files (x86)\Intel\iCLS Client\;C:\Program Files\Intel\iCLS Client\;C:\WINDOWS\system32;C:\WINDOWS;C:\WINDOWS\System32\Wbem;C:\WINDOWS\System32\WindowsPowerShell\v1.0\;C:\Program Files (x86)\Intel\Intel(R) Management Engine Components\DAL;C:\Program Files\Intel\Intel(R) Management Engine Components\DAL;C:\Program Files (x86)\Intel\Intel(R) Management Engine Components\IPT;C:\Program Files\Intel\Intel(R) Management Engine Components\IPT;E:\MATLAB\runtime\win64;E:\MATLAB\bin;E:\MATLAB\polyspace\bin;E:\Git\cmd;E:\Git\mingw64\bin;E:\Git\usr\bin;E:\WebDev\NodeJS\;E:\Python\Scripts\;E:\Python\;C:\Users\Fareeha Shakil\AppData\Local\Microsoft\WindowsApps;;E:\Microsoft VS Code\bin;C:\Users\Fareeha Shakil\AppData\Roaming\npm
USERNAME=Fareeha Shakil
OS=Windows_NT
PROCESSOR_IDENTIFIER=Intel64 Family 6 Model 61 Stepping 4, GenuineIntel



---------------  S Y S T E M  ---------------

OS: Windows 10.0 , 64 bit Build 14393 (10.0.14393.2214)

CPU:total 4 (initial active 4) (2 cores per cpu, 2 threads per core) family 6 model 61 stepping 4, cmov, cx8, fxsr, mmx, sse, sse2, sse3, ssse3, sse4.1, sse4.2, popcnt, avx, avx2, aes, clmul, erms, 3dnowpref, lzcnt, ht, tsc, tscinvbit, bmi1, bmi2, adx

Memory: 4k page, physical 4107804k(596060k free), swap 6213332k(2564k free)

vm_info: OpenJDK 64-Bit Server VM (25.152-b06) for windows-amd64 JRE (1.8.0_152-release-1136-b06), built by "builder" with MS VC++ 10.0 (VS2010)

time: Fri Jun 28 16:07:17 2019
elapsed time: 11 seconds (0d 0h 0m 11s)

